#-----------------------------------------------------------
# Vivado v2014.2 (64-bit)
# SW Build 932637 on Wed Jun 11 13:33:10 MDT 2014
# IP Build 924643 on Fri May 30 09:20:16 MDT 2014
# Start of session at: Sat Jun 03 16:48:41 2017
# Process ID: 160
# Log file: C:/Users/Administrator/Desktop/project_1/vivado.log
# Journal file: C:/Users/Administrator/Desktop/project_1\vivado.jou
#-----------------------------------------------------------
start_gui
open_project {C:\Users\Administrator\Desktop\project_1\project_1.xpr}
Scanning sources...
Finished scanning sources
WARNING: [filemgmt 20-1763] Vivado Synthesis ignores library specification for Verilog or SystemVerilog files. [C:/Users/Administrator/Desktop/project_1/project_1.srcs/sources_1/new/global_def.v]
WARNING: [filemgmt 20-1763] Vivado Synthesis ignores library specification for Verilog or SystemVerilog files. [C:/Users/Administrator/Desktop/project_1/project_1.srcs/sources_1/new/RF.v]
WARNING: [filemgmt 20-1763] Vivado Synthesis ignores library specification for Verilog or SystemVerilog files. [C:/Users/Administrator/Desktop/project_1/project_1.srcs/sources_1/new/PC.v]
WARNING: [filemgmt 20-1763] Vivado Synthesis ignores library specification for Verilog or SystemVerilog files. [C:/Users/Administrator/Desktop/project_1/project_1.srcs/sources_1/new/ctrl_encode_def.v]
WARNING: [filemgmt 20-1763] Vivado Synthesis ignores library specification for Verilog or SystemVerilog files. [C:/Users/Administrator/Desktop/project_1/project_1.srcs/sources_1/new/NPC.v]
WARNING: [filemgmt 20-1763] Vivado Synthesis ignores library specification for Verilog or SystemVerilog files. [C:/Users/Administrator/Desktop/project_1/project_1.srcs/sources_1/new/mux4.v]
WARNING: [filemgmt 20-1763] Vivado Synthesis ignores library specification for Verilog or SystemVerilog files. [C:/Users/Administrator/Desktop/project_1/project_1.srcs/sources_1/new/mux2.v]
WARNING: [filemgmt 20-1763] Vivado Synthesis ignores library specification for Verilog or SystemVerilog files. [C:/Users/Administrator/Desktop/project_1/project_1.srcs/sources_1/new/IR.v]
WARNING: [filemgmt 20-1763] Vivado Synthesis ignores library specification for Verilog or SystemVerilog files. [C:/Users/Administrator/Desktop/project_1/project_1.srcs/sources_1/new/im_4k.v]
WARNING: [filemgmt 20-1763] Vivado Synthesis ignores library specification for Verilog or SystemVerilog files. [C:/Users/Administrator/Desktop/project_1/project_1.srcs/sources_1/new/flopr.v]
WARNING: [filemgmt 20-1763] Vivado Synthesis ignores library specification for Verilog or SystemVerilog files. [C:/Users/Administrator/Desktop/project_1/project_1.srcs/sources_1/new/EXT.v]
WARNING: [filemgmt 20-1763] Vivado Synthesis ignores library specification for Verilog or SystemVerilog files. [C:/Users/Administrator/Desktop/project_1/project_1.srcs/sources_1/new/dm_4k.v]
WARNING: [filemgmt 20-1763] Vivado Synthesis ignores library specification for Verilog or SystemVerilog files. [C:/Users/Administrator/Desktop/project_1/project_1.srcs/sources_1/new/instruction_def.v]
WARNING: [filemgmt 20-1763] Vivado Synthesis ignores library specification for Verilog or SystemVerilog files. [C:/Users/Administrator/Desktop/project_1/project_1.srcs/sources_1/new/ctrl.v]
WARNING: [filemgmt 20-1763] Vivado Synthesis ignores library specification for Verilog or SystemVerilog files. [C:/Users/Administrator/Desktop/project_1/project_1.srcs/sources_1/new/alu.v]
WARNING: [filemgmt 20-1763] Vivado Synthesis ignores library specification for Verilog or SystemVerilog files. [C:/Users/Administrator/Desktop/project_1/project_1.srcs/sources_1/new/mips.v]
open_project: Time (s): cpu = 00:00:09 ; elapsed = 00:00:06 . Memory (MB): peak = 813.258 ; gain = 11.371
launch_xsim -simset sim_1 -mode behavioral
INFO: [Runs 36-130] *** Running xelab
    with args "-m64 --debug typical --relax -L xil_defaultlib -L unisims_ver -L unimacro_ver -L secureip --snapshot mips_tb_behav --prj C:/Users/Administrator/Desktop/project_1/project_1.sim/sim_1/behav/mips_tb.prj   xil_defaultlib.mips_tb   xil_defaultlib.glbl"
Vivado Simulator 2014.2
Copyright 1986-1999, 2001-2014 Xilinx, Inc. All Rights Reserved.
Running: C:/Xilinx/Vivado/2014.2/bin/unwrapped/win64.o/xelab.exe --debug typical --relax -L xil_defaultlib -L unisims_ver -L unimacro_ver -L secureip --snapshot mips_tb_behav --prj C:/Users/Administrator/Desktop/project_1/project_1.sim/sim_1/behav/mips_tb.prj xil_defaultlib.mips_tb xil_defaultlib.glbl 
Multi-threading is on. Using 2 slave threads.
Determining compilation order of HDL files.
INFO: [VRFC 10-165] Analyzing Verilog file "C:/Users/Administrator/Desktop/project_1/project_1.srcs/sources_1/new/RF.v" into library xil_defaultlib
INFO: [VRFC 10-311] analyzing module RF
INFO: [VRFC 10-165] Analyzing Verilog file "C:/Users/Administrator/Desktop/project_1/project_1.srcs/sources_1/new/PC.v" into library xil_defaultlib
INFO: [VRFC 10-311] analyzing module PC
INFO: [VRFC 10-165] Analyzing Verilog file "C:/Users/Administrator/Desktop/project_1/project_1.srcs/sources_1/new/NPC.v" into library xil_defaultlib
INFO: [VRFC 10-311] analyzing module NPC
INFO: [VRFC 10-165] Analyzing Verilog file "C:/Users/Administrator/Desktop/project_1/project_1.srcs/sources_1/new/mux4.v" into library xil_defaultlib
INFO: [VRFC 10-311] analyzing module mux4
INFO: [VRFC 10-165] Analyzing Verilog file "C:/Users/Administrator/Desktop/project_1/project_1.srcs/sources_1/new/mux2.v" into library xil_defaultlib
INFO: [VRFC 10-311] analyzing module mux2
INFO: [VRFC 10-165] Analyzing Verilog file "C:/Users/Administrator/Desktop/project_1/project_1.srcs/sources_1/new/IR.v" into library xil_defaultlib
INFO: [VRFC 10-311] analyzing module IR
INFO: [VRFC 10-165] Analyzing Verilog file "C:/Users/Administrator/Desktop/project_1/project_1.srcs/sources_1/new/im_4k.v" into library xil_defaultlib
INFO: [VRFC 10-311] analyzing module im_4k
INFO: [VRFC 10-165] Analyzing Verilog file "C:/Users/Administrator/Desktop/project_1/project_1.srcs/sources_1/new/flopr.v" into library xil_defaultlib
INFO: [VRFC 10-311] analyzing module flopr
INFO: [VRFC 10-165] Analyzing Verilog file "C:/Users/Administrator/Desktop/project_1/project_1.srcs/sources_1/new/EXT.v" into library xil_defaultlib
INFO: [VRFC 10-311] analyzing module EXT
INFO: [VRFC 10-165] Analyzing Verilog file "C:/Users/Administrator/Desktop/project_1/project_1.srcs/sources_1/new/dm_4k.v" into library xil_defaultlib
INFO: [VRFC 10-311] analyzing module dm_4k
INFO: [VRFC 10-165] Analyzing Verilog file "C:/Users/Administrator/Desktop/project_1/project_1.srcs/sources_1/new/ctrl.v" into library xil_defaultlib
INFO: [VRFC 10-311] analyzing module ctrl
INFO: [VRFC 10-165] Analyzing Verilog file "C:/Users/Administrator/Desktop/project_1/project_1.srcs/sources_1/new/alu.v" into library xil_defaultlib
INFO: [VRFC 10-311] analyzing module alu
INFO: [VRFC 10-165] Analyzing Verilog file "C:/Users/Administrator/Desktop/project_1/project_1.srcs/sources_1/new/mips.v" into library xil_defaultlib
INFO: [VRFC 10-311] analyzing module mips
INFO: [VRFC 10-165] Analyzing Verilog file "C:/Users/Administrator/Desktop/project_1/project_1.srcs/sim_1/new/mips_tb.v" into library xil_defaultlib
INFO: [VRFC 10-311] analyzing module mips_tb
INFO: [VRFC 10-165] Analyzing Verilog file "C:/Xilinx/Vivado/2014.2/data/verilog/src/glbl.v" into library xil_defaultlib
INFO: [VRFC 10-311] analyzing module glbl
Starting static elaboration
Completed static elaboration
Starting simulation data flow analysis
Completed simulation data flow analysis
Time Resolution for simulation is 1ps
Compiling module xil_defaultlib.ctrl
Compiling module xil_defaultlib.PC
Compiling module xil_defaultlib.NPC
Compiling module xil_defaultlib.im_4k
Compiling module xil_defaultlib.IR
Compiling module xil_defaultlib.RF
Compiling module xil_defaultlib.mux4(WIDTH=5)
Compiling module xil_defaultlib.mux4(WIDTH=32)
Compiling module xil_defaultlib.flopr(WIDTH=32)
Compiling module xil_defaultlib.EXT
Compiling module xil_defaultlib.mux2(WIDTH=32)
Compiling module xil_defaultlib.alu
Compiling module xil_defaultlib.dm_4k
Compiling module xil_defaultlib.mips
Compiling module xil_defaultlib.mips_tb
Compiling module xil_defaultlib.glbl
Waiting for 2 sub-compilation(s) to finish...
Built simulation snapshot mips_tb_behav
INFO: [Runs 36-26] xelab completed.
INFO: [Vivado 12-1390] *** Running xsim
    with args "mips_tb_behav -key {Behavioral:sim_1:Functional:mips_tb} -tclbatch {mips_tb.tcl} -log {mips_tb_behav.log}"
Vivado Simulator 2014.2
Time resolution is 1 ps
WARNING: File code.txt referenced on C:/Users/Administrator/Desktop/project_1/project_1.srcs/sim_1/new/mips_tb.v at line 33 cannot be opened for reading. Please ensure that this file is available in the current working directory.
R[00-07]=00000000, 00000000, 00000000, 00000000, 00000000, 00000000, 00000000, 00000000
R[08-15]=00000000, 00000000, 00000000, 00000000, 00000000, 00000000, 00000000, 00000000
R[16-23]=00000000, 00000000, 00000000, 00000000, 00000000, 00000000, 00000000, 00000000
R[24-31]=00000000, 00000000, 00000000, 00000000, 00000000, 00000000, 00000000, 00000000
PC = 0xxxxxxxxx, IR = 0xxxxxxxxx
PC = 0x00000c00, IR = 0x00000000
R[00-07]=00000000, 00000000, 00000000, 00000000, 00000000, 00000000, 00000000, 00000000
R[08-15]=00000000, 00000000, 00000000, 00000000, 00000000, 00000000, 00000000, 00000000
R[16-23]=00000000, 00000000, 00000000, 00000000, 00000000, 00000000, 00000000, 00000000
R[24-31]=00000000, 00000000, 00000000, 00000000, 00000000, 00000000, 00000000, 00000000
PC = 0x00000c01, IR = 0xxxxxxxxx
R[00-07]=00000000, 00000000, 00000000, 00000000, 00000000, 00000000, 00000000, 00000000
R[08-15]=00000000, 00000000, 00000000, 00000000, 00000000, 00000000, 00000000, 00000000
R[16-23]=00000000, 00000000, 00000000, 00000000, 00000000, 00000000, 00000000, 00000000
R[24-31]=00000000, 00000000, 00000000, 00000000, 00000000, 00000000, 00000000, 00000000
R[00-07]=00000000, 00000000, 00000000, 00000000, 00000000, 00000000, 00000000, 00000000
R[08-15]=00000000, 00000000, 00000000, 00000000, 00000000, 00000000, 00000000, 00000000
R[16-23]=00000000, 00000000, 00000000, 00000000, 00000000, 00000000, 00000000, 00000000
R[24-31]=00000000, 00000000, 00000000, 00000000, 00000000, 00000000, 00000000, 00000000
PC = 0x00000c02, IR = 0xxxxxxxxx
R[00-07]=00000000, 00000000, 00000000, 00000000, 00000000, 00000000, 00000000, 00000000
R[08-15]=00000000, 00000000, 00000000, 00000000, 00000000, 00000000, 00000000, 00000000
R[16-23]=00000000, 00000000, 00000000, 00000000, 00000000, 00000000, 00000000, 00000000
R[24-31]=00000000, 00000000, 00000000, 00000000, 00000000, 00000000, 00000000, 00000000
R[00-07]=00000000, 00000000, 00000000, 00000000, 00000000, 00000000, 00000000, 00000000
R[08-15]=00000000, 00000000, 00000000, 00000000, 00000000, 00000000, 00000000, 00000000
R[16-23]=00000000, 00000000, 00000000, 00000000, 00000000, 00000000, 00000000, 00000000
R[24-31]=00000000, 00000000, 00000000, 00000000, 00000000, 00000000, 00000000, 00000000
PC = 0x00000c03, IR = 0xxxxxxxxx
R[00-07]=00000000, 00000000, 00000000, 00000000, 00000000, 00000000, 00000000, 00000000
R[08-15]=00000000, 00000000, 00000000, 00000000, 00000000, 00000000, 00000000, 00000000
R[16-23]=00000000, 00000000, 00000000, 00000000, 00000000, 00000000, 00000000, 00000000
R[24-31]=00000000, 00000000, 00000000, 00000000, 00000000, 00000000, 00000000, 00000000
R[00-07]=00000000, 00000000, 00000000, 00000000, 00000000, 00000000, 00000000, 00000000
R[08-15]=00000000, 00000000, 00000000, 00000000, 00000000, 00000000, 00000000, 00000000
R[16-23]=00000000, 00000000, 00000000, 00000000, 00000000, 00000000, 00000000, 00000000
R[24-31]=00000000, 00000000, 00000000, 00000000, 00000000, 00000000, 00000000, 00000000
PC = 0x00000c04, IR = 0xxxxxxxxx
R[00-07]=00000000, 00000000, 00000000, 00000000, 00000000, 00000000, 00000000, 00000000
R[08-15]=00000000, 00000000, 00000000, 00000000, 00000000, 00000000, 00000000, 00000000
R[16-23]=00000000, 00000000, 00000000, 00000000, 00000000, 00000000, 00000000, 00000000
R[24-31]=00000000, 00000000, 00000000, 00000000, 00000000, 00000000, 00000000, 00000000
R[00-07]=00000000, 00000000, 00000000, 00000000, 00000000, 00000000, 00000000, 00000000
R[08-15]=00000000, 00000000, 00000000, 00000000, 00000000, 00000000, 00000000, 00000000
R[16-23]=00000000, 00000000, 00000000, 00000000, 00000000, 00000000, 00000000, 00000000
R[24-31]=00000000, 00000000, 00000000, 00000000, 00000000, 00000000, 00000000, 00000000
PC = 0x00000c05, IR = 0xxxxxxxxx
R[00-07]=00000000, 00000000, 00000000, 00000000, 00000000, 00000000, 00000000, 00000000
R[08-15]=00000000, 00000000, 00000000, 00000000, 00000000, 00000000, 00000000, 00000000
R[16-23]=00000000, 00000000, 00000000, 00000000, 00000000, 00000000, 00000000, 00000000
R[24-31]=00000000, 00000000, 00000000, 00000000, 00000000, 00000000, 00000000, 00000000
xsim: Time (s): cpu = 00:00:08 ; elapsed = 00:00:05 . Memory (MB): peak = 822.969 ; gain = 0.000
INFO: [Vivado 12-1395] XSim completed. Design snapshot 'mips_tb_behav' loaded.
INFO: [Vivado 12-3703] XSim simulation ran for 1000ns
launch_xsim: Time (s): cpu = 00:00:11 ; elapsed = 00:00:10 . Memory (MB): peak = 822.969 ; gain = 0.000
INFO: [Simtcl 6-16] Simulation closed
launch_xsim -simset sim_1 -mode behavioral
INFO: [Runs 36-130] *** Running xelab
    with args "-m64 --debug typical --relax -L xil_defaultlib -L unisims_ver -L unimacro_ver -L secureip --snapshot mips_tb_behav --prj C:/Users/Administrator/Desktop/project_1/project_1.sim/sim_1/behav/mips_tb.prj   xil_defaultlib.mips_tb   xil_defaultlib.glbl"
Vivado Simulator 2014.2
Copyright 1986-1999, 2001-2014 Xilinx, Inc. All Rights Reserved.
Running: C:/Xilinx/Vivado/2014.2/bin/unwrapped/win64.o/xelab.exe --debug typical --relax -L xil_defaultlib -L unisims_ver -L unimacro_ver -L secureip --snapshot mips_tb_behav --prj C:/Users/Administrator/Desktop/project_1/project_1.sim/sim_1/behav/mips_tb.prj xil_defaultlib.mips_tb xil_defaultlib.glbl 
Multi-threading is on. Using 2 slave threads.
Determining compilation order of HDL files.
INFO: [VRFC 10-165] Analyzing Verilog file "C:/Users/Administrator/Desktop/project_1/project_1.srcs/sources_1/new/RF.v" into library xil_defaultlib
INFO: [VRFC 10-311] analyzing module RF
INFO: [VRFC 10-165] Analyzing Verilog file "C:/Users/Administrator/Desktop/project_1/project_1.srcs/sources_1/new/PC.v" into library xil_defaultlib
INFO: [VRFC 10-311] analyzing module PC
INFO: [VRFC 10-165] Analyzing Verilog file "C:/Users/Administrator/Desktop/project_1/project_1.srcs/sources_1/new/NPC.v" into library xil_defaultlib
INFO: [VRFC 10-311] analyzing module NPC
INFO: [VRFC 10-165] Analyzing Verilog file "C:/Users/Administrator/Desktop/project_1/project_1.srcs/sources_1/new/mux4.v" into library xil_defaultlib
INFO: [VRFC 10-311] analyzing module mux4
INFO: [VRFC 10-165] Analyzing Verilog file "C:/Users/Administrator/Desktop/project_1/project_1.srcs/sources_1/new/mux2.v" into library xil_defaultlib
INFO: [VRFC 10-311] analyzing module mux2
INFO: [VRFC 10-165] Analyzing Verilog file "C:/Users/Administrator/Desktop/project_1/project_1.srcs/sources_1/new/IR.v" into library xil_defaultlib
INFO: [VRFC 10-311] analyzing module IR
INFO: [VRFC 10-165] Analyzing Verilog file "C:/Users/Administrator/Desktop/project_1/project_1.srcs/sources_1/new/im_4k.v" into library xil_defaultlib
INFO: [VRFC 10-311] analyzing module im_4k
INFO: [VRFC 10-165] Analyzing Verilog file "C:/Users/Administrator/Desktop/project_1/project_1.srcs/sources_1/new/flopr.v" into library xil_defaultlib
INFO: [VRFC 10-311] analyzing module flopr
INFO: [VRFC 10-165] Analyzing Verilog file "C:/Users/Administrator/Desktop/project_1/project_1.srcs/sources_1/new/EXT.v" into library xil_defaultlib
INFO: [VRFC 10-311] analyzing module EXT
INFO: [VRFC 10-165] Analyzing Verilog file "C:/Users/Administrator/Desktop/project_1/project_1.srcs/sources_1/new/dm_4k.v" into library xil_defaultlib
INFO: [VRFC 10-311] analyzing module dm_4k
INFO: [VRFC 10-165] Analyzing Verilog file "C:/Users/Administrator/Desktop/project_1/project_1.srcs/sources_1/new/ctrl.v" into library xil_defaultlib
INFO: [VRFC 10-311] analyzing module ctrl
INFO: [VRFC 10-165] Analyzing Verilog file "C:/Users/Administrator/Desktop/project_1/project_1.srcs/sources_1/new/alu.v" into library xil_defaultlib
INFO: [VRFC 10-311] analyzing module alu
INFO: [VRFC 10-165] Analyzing Verilog file "C:/Users/Administrator/Desktop/project_1/project_1.srcs/sources_1/new/mips.v" into library xil_defaultlib
INFO: [VRFC 10-311] analyzing module mips
INFO: [VRFC 10-165] Analyzing Verilog file "C:/Users/Administrator/Desktop/project_1/project_1.srcs/sim_1/new/mips_tb.v" into library xil_defaultlib
INFO: [VRFC 10-311] analyzing module mips_tb
INFO: [VRFC 10-165] Analyzing Verilog file "C:/Xilinx/Vivado/2014.2/data/verilog/src/glbl.v" into library xil_defaultlib
INFO: [VRFC 10-311] analyzing module glbl
Starting static elaboration
Completed static elaboration
Starting simulation data flow analysis
Completed simulation data flow analysis
Time Resolution for simulation is 1ps
Compiling module xil_defaultlib.ctrl
Compiling module xil_defaultlib.PC
Compiling module xil_defaultlib.NPC
Compiling module xil_defaultlib.im_4k
Compiling module xil_defaultlib.IR
Compiling module xil_defaultlib.RF
Compiling module xil_defaultlib.mux4(WIDTH=5)
Compiling module xil_defaultlib.mux4(WIDTH=32)
Compiling module xil_defaultlib.flopr(WIDTH=32)
Compiling module xil_defaultlib.EXT
Compiling module xil_defaultlib.mux2(WIDTH=32)
Compiling module xil_defaultlib.alu
Compiling module xil_defaultlib.dm_4k
Compiling module xil_defaultlib.mips
Compiling module xil_defaultlib.mips_tb
Compiling module xil_defaultlib.glbl
Waiting for 2 sub-compilation(s) to finish...
Built simulation snapshot mips_tb_behav
INFO: [Runs 36-26] xelab completed.
INFO: [Vivado 12-1390] *** Running xsim
    with args "mips_tb_behav -key {Behavioral:sim_1:Functional:mips_tb} -tclbatch {mips_tb.tcl} -log {mips_tb_behav.log}"
Vivado Simulator 2014.2
Time resolution is 1 ps
WARNING: File code.txt referenced on C:/Users/Administrator/Desktop/project_1/project_1.srcs/sim_1/new/mips_tb.v at line 32 cannot be opened for reading. Please ensure that this file is available in the current working directory.
R[00-07]=00000000, 00000000, 00000000, 00000000, 00000000, 00000000, 00000000, 00000000
R[08-15]=00000000, 00000000, 00000000, 00000000, 00000000, 00000000, 00000000, 00000000
R[16-23]=00000000, 00000000, 00000000, 00000000, 00000000, 00000000, 00000000, 00000000
R[24-31]=00000000, 00000000, 00000000, 00000000, 00000000, 00000000, 00000000, 00000000
PC = 0xxxxxxxxx, IR = 0xxxxxxxxx
PC = 0x00000c00, IR = 0x00000000
R[00-07]=00000000, 00000000, 00000000, 00000000, 00000000, 00000000, 00000000, 00000000
R[08-15]=00000000, 00000000, 00000000, 00000000, 00000000, 00000000, 00000000, 00000000
R[16-23]=00000000, 00000000, 00000000, 00000000, 00000000, 00000000, 00000000, 00000000
R[24-31]=00000000, 00000000, 00000000, 00000000, 00000000, 00000000, 00000000, 00000000
PC = 0x00000c01, IR = 0xxxxxxxxx
R[00-07]=00000000, 00000000, 00000000, 00000000, 00000000, 00000000, 00000000, 00000000
R[08-15]=00000000, 00000000, 00000000, 00000000, 00000000, 00000000, 00000000, 00000000
R[16-23]=00000000, 00000000, 00000000, 00000000, 00000000, 00000000, 00000000, 00000000
R[24-31]=00000000, 00000000, 00000000, 00000000, 00000000, 00000000, 00000000, 00000000
R[00-07]=00000000, 00000000, 00000000, 00000000, 00000000, 00000000, 00000000, 00000000
R[08-15]=00000000, 00000000, 00000000, 00000000, 00000000, 00000000, 00000000, 00000000
R[16-23]=00000000, 00000000, 00000000, 00000000, 00000000, 00000000, 00000000, 00000000
R[24-31]=00000000, 00000000, 00000000, 00000000, 00000000, 00000000, 00000000, 00000000
PC = 0x00000c02, IR = 0xxxxxxxxx
R[00-07]=00000000, 00000000, 00000000, 00000000, 00000000, 00000000, 00000000, 00000000
R[08-15]=00000000, 00000000, 00000000, 00000000, 00000000, 00000000, 00000000, 00000000
R[16-23]=00000000, 00000000, 00000000, 00000000, 00000000, 00000000, 00000000, 00000000
R[24-31]=00000000, 00000000, 00000000, 00000000, 00000000, 00000000, 00000000, 00000000
R[00-07]=00000000, 00000000, 00000000, 00000000, 00000000, 00000000, 00000000, 00000000
R[08-15]=00000000, 00000000, 00000000, 00000000, 00000000, 00000000, 00000000, 00000000
R[16-23]=00000000, 00000000, 00000000, 00000000, 00000000, 00000000, 00000000, 00000000
R[24-31]=00000000, 00000000, 00000000, 00000000, 00000000, 00000000, 00000000, 00000000
PC = 0x00000c03, IR = 0xxxxxxxxx
R[00-07]=00000000, 00000000, 00000000, 00000000, 00000000, 00000000, 00000000, 00000000
R[08-15]=00000000, 00000000, 00000000, 00000000, 00000000, 00000000, 00000000, 00000000
R[16-23]=00000000, 00000000, 00000000, 00000000, 00000000, 00000000, 00000000, 00000000
R[24-31]=00000000, 00000000, 00000000, 00000000, 00000000, 00000000, 00000000, 00000000
R[00-07]=00000000, 00000000, 00000000, 00000000, 00000000, 00000000, 00000000, 00000000
R[08-15]=00000000, 00000000, 00000000, 00000000, 00000000, 00000000, 00000000, 00000000
R[16-23]=00000000, 00000000, 00000000, 00000000, 00000000, 00000000, 00000000, 00000000
R[24-31]=00000000, 00000000, 00000000, 00000000, 00000000, 00000000, 00000000, 00000000
PC = 0x00000c04, IR = 0xxxxxxxxx
R[00-07]=00000000, 00000000, 00000000, 00000000, 00000000, 00000000, 00000000, 00000000
R[08-15]=00000000, 00000000, 00000000, 00000000, 00000000, 00000000, 00000000, 00000000
R[16-23]=00000000, 00000000, 00000000, 00000000, 00000000, 00000000, 00000000, 00000000
R[24-31]=00000000, 00000000, 00000000, 00000000, 00000000, 00000000, 00000000, 00000000
R[00-07]=00000000, 00000000, 00000000, 00000000, 00000000, 00000000, 00000000, 00000000
R[08-15]=00000000, 00000000, 00000000, 00000000, 00000000, 00000000, 00000000, 00000000
R[16-23]=00000000, 00000000, 00000000, 00000000, 00000000, 00000000, 00000000, 00000000
R[24-31]=00000000, 00000000, 00000000, 00000000, 00000000, 00000000, 00000000, 00000000
PC = 0x00000c05, IR = 0xxxxxxxxx
R[00-07]=00000000, 00000000, 00000000, 00000000, 00000000, 00000000, 00000000, 00000000
R[08-15]=00000000, 00000000, 00000000, 00000000, 00000000, 00000000, 00000000, 00000000
R[16-23]=00000000, 00000000, 00000000, 00000000, 00000000, 00000000, 00000000, 00000000
R[24-31]=00000000, 00000000, 00000000, 00000000, 00000000, 00000000, 00000000, 00000000
INFO: [Vivado 12-1395] XSim completed. Design snapshot 'mips_tb_behav' loaded.
INFO: [Vivado 12-3703] XSim simulation ran for 1000ns
launch_xsim: Time (s): cpu = 00:00:05 ; elapsed = 00:00:06 . Memory (MB): peak = 878.750 ; gain = 0.000
add_wave {{/mips_tb/U_MIPS/U_CTRL/Op}} 
open_run synth_1 -name netlist_1
Design is defaulting to impl run constrset: constrs_1
Design is defaulting to synth run part: xc7a100tcsg324-1
INFO: [Project 1-479] Netlist was created with Vivado 2014.2
Loading clock regions from C:/Xilinx/Vivado/2014.2/data\parts/xilinx/artix7/artix7/xc7a100t/ClockRegion.xml
Loading clock buffers from C:/Xilinx/Vivado/2014.2/data\parts/xilinx/artix7/artix7/xc7a100t/ClockBuffers.xml
Loading clock placement rules from C:/Xilinx/Vivado/2014.2/data/parts/xilinx/artix7/ClockPlacerRules.xml
Loading package pin functions from C:/Xilinx/Vivado/2014.2/data\parts/xilinx/artix7/PinFunctions.xml...
Loading package from C:/Xilinx/Vivado/2014.2/data\parts/xilinx/artix7/artix7/xc7a100t/csg324/Package.xml
Loading io standards from C:/Xilinx/Vivado/2014.2/data\./parts/xilinx/artix7/IOStandards.xml
Loading device configuration modes from C:/Xilinx/Vivado/2014.2/data\parts/xilinx/artix7/ConfigModes.xml
INFO: [Opt 31-140] Inserted 0 IBUFs to IO ports without IO buffers.
INFO: [Opt 31-141] Inserted 0 OBUFs to IO ports without IO buffers.
INFO: [Opt 31-138] Pushed 0 inverter(s) to 0 load pin(s).
INFO: [Project 1-111] Unisim Transformation Summary:
No Unisim elements were transformed.

open_run: Time (s): cpu = 00:00:26 ; elapsed = 00:00:14 . Memory (MB): peak = 1225.055 ; gain = 328.996
synth_design -rtl -name rtl_1
Command: synth_design -rtl -name rtl_1

Starting synthesis...

Using part: xc7a100tcsg324-1
Top: mips
---------------------------------------------------------------------------------
Starting RTL Elaboration : Time (s): cpu = 00:03:06 ; elapsed = 00:32:18 . Memory (MB): peak = 1653.441 ; gain = 1522.496
---------------------------------------------------------------------------------
INFO: [Synth 8-638] synthesizing module 'mips' [C:/Users/Administrator/Desktop/project_1/project_1.srcs/sources_1/new/mips.v:23]
INFO: [Synth 8-638] synthesizing module 'ctrl' [C:/Users/Administrator/Desktop/project_1/project_1.srcs/sources_1/new/ctrl.v:25]
	Parameter Fetch bound to: 4'b0000 
	Parameter DCD bound to: 4'b0001 
	Parameter Exe bound to: 4'b0010 
	Parameter MA bound to: 4'b0011 
	Parameter Branch bound to: 4'b0100 
	Parameter Jmp bound to: 4'b0101 
	Parameter MR bound to: 4'b0110 
	Parameter MW bound to: 4'b0111 
	Parameter WB bound to: 4'b1000 
	Parameter MemWB bound to: 4'b1001 
INFO: [Synth 8-256] done synthesizing module 'ctrl' (1#1) [C:/Users/Administrator/Desktop/project_1/project_1.srcs/sources_1/new/ctrl.v:25]
INFO: [Synth 8-638] synthesizing module 'PC' [C:/Users/Administrator/Desktop/project_1/project_1.srcs/sources_1/new/PC.v:23]
INFO: [Synth 8-256] done synthesizing module 'PC' (2#1) [C:/Users/Administrator/Desktop/project_1/project_1.srcs/sources_1/new/PC.v:23]
INFO: [Synth 8-638] synthesizing module 'NPC' [C:/Users/Administrator/Desktop/project_1/project_1.srcs/sources_1/new/NPC.v:24]
INFO: [Synth 8-256] done synthesizing module 'NPC' (3#1) [C:/Users/Administrator/Desktop/project_1/project_1.srcs/sources_1/new/NPC.v:24]
INFO: [Synth 8-638] synthesizing module 'im_4k' [C:/Users/Administrator/Desktop/project_1/project_1.srcs/sources_1/new/im_4k.v:23]

Warning: Trying to implement RAM in registers. Block RAM or DRAM implementation is not possible for one or more of the following reasons :
	1: Unable to determine number of words or word size in RAM. 
RAM dissolved into registers
WARNING: [Synth 8-3848] Net imem in module/entity im_4k does not have driver. [C:/Users/Administrator/Desktop/project_1/project_1.srcs/sources_1/new/im_4k.v:28]
WARNING: [Synth 8-3848] Net imem in module/entity im_4k does not have driver. [C:/Users/Administrator/Desktop/project_1/project_1.srcs/sources_1/new/im_4k.v:28]
WARNING: [Synth 8-3848] Net imem in module/entity im_4k does not have driver. [C:/Users/Administrator/Desktop/project_1/project_1.srcs/sources_1/new/im_4k.v:28]
WARNING: [Synth 8-3848] Net imem in module/entity im_4k does not have driver. [C:/Users/Administrator/Desktop/project_1/project_1.srcs/sources_1/new/im_4k.v:28]
WARNING: [Synth 8-3848] Net imem in module/entity im_4k does not have driver. [C:/Users/Administrator/Desktop/project_1/project_1.srcs/sources_1/new/im_4k.v:28]
WARNING: [Synth 8-3848] Net imem in module/entity im_4k does not have driver. [C:/Users/Administrator/Desktop/project_1/project_1.srcs/sources_1/new/im_4k.v:28]
WARNING: [Synth 8-3848] Net imem in module/entity im_4k does not have driver. [C:/Users/Administrator/Desktop/project_1/project_1.srcs/sources_1/new/im_4k.v:28]
WARNING: [Synth 8-3848] Net imem in module/entity im_4k does not have driver. [C:/Users/Administrator/Desktop/project_1/project_1.srcs/sources_1/new/im_4k.v:28]
WARNING: [Synth 8-3848] Net imem in module/entity im_4k does not have driver. [C:/Users/Administrator/Desktop/project_1/project_1.srcs/sources_1/new/im_4k.v:28]
WARNING: [Synth 8-3848] Net imem in module/entity im_4k does not have driver. [C:/Users/Administrator/Desktop/project_1/project_1.srcs/sources_1/new/im_4k.v:28]
WARNING: [Synth 8-3848] Net imem in module/entity im_4k does not have driver. [C:/Users/Administrator/Desktop/project_1/project_1.srcs/sources_1/new/im_4k.v:28]
WARNING: [Synth 8-3848] Net imem in module/entity im_4k does not have driver. [C:/Users/Administrator/Desktop/project_1/project_1.srcs/sources_1/new/im_4k.v:28]
WARNING: [Synth 8-3848] Net imem in module/entity im_4k does not have driver. [C:/Users/Administrator/Desktop/project_1/project_1.srcs/sources_1/new/im_4k.v:28]
WARNING: [Synth 8-3848] Net imem in module/entity im_4k does not have driver. [C:/Users/Administrator/Desktop/project_1/project_1.srcs/sources_1/new/im_4k.v:28]
WARNING: [Synth 8-3848] Net imem in module/entity im_4k does not have driver. [C:/Users/Administrator/Desktop/project_1/project_1.srcs/sources_1/new/im_4k.v:28]
WARNING: [Synth 8-3848] Net imem in module/entity im_4k does not have driver. [C:/Users/Administrator/Desktop/project_1/project_1.srcs/sources_1/new/im_4k.v:28]
WARNING: [Synth 8-3848] Net imem in module/entity im_4k does not have driver. [C:/Users/Administrator/Desktop/project_1/project_1.srcs/sources_1/new/im_4k.v:28]
WARNING: [Synth 8-3848] Net imem in module/entity im_4k does not have driver. [C:/Users/Administrator/Desktop/project_1/project_1.srcs/sources_1/new/im_4k.v:28]
WARNING: [Synth 8-3848] Net imem in module/entity im_4k does not have driver. [C:/Users/Administrator/Desktop/project_1/project_1.srcs/sources_1/new/im_4k.v:28]
WARNING: [Synth 8-3848] Net imem in module/entity im_4k does not have driver. [C:/Users/Administrator/Desktop/project_1/project_1.srcs/sources_1/new/im_4k.v:28]
WARNING: [Synth 8-3848] Net imem in module/entity im_4k does not have driver. [C:/Users/Administrator/Desktop/project_1/project_1.srcs/sources_1/new/im_4k.v:28]
WARNING: [Synth 8-3848] Net imem in module/entity im_4k does not have driver. [C:/Users/Administrator/Desktop/project_1/project_1.srcs/sources_1/new/im_4k.v:28]
WARNING: [Synth 8-3848] Net imem in module/entity im_4k does not have driver. [C:/Users/Administrator/Desktop/project_1/project_1.srcs/sources_1/new/im_4k.v:28]
WARNING: [Synth 8-3848] Net imem in module/entity im_4k does not have driver. [C:/Users/Administrator/Desktop/project_1/project_1.srcs/sources_1/new/im_4k.v:28]
WARNING: [Synth 8-3848] Net imem in module/entity im_4k does not have driver. [C:/Users/Administrator/Desktop/project_1/project_1.srcs/sources_1/new/im_4k.v:28]
WARNING: [Synth 8-3848] Net imem in module/entity im_4k does not have driver. [C:/Users/Administrator/Desktop/project_1/project_1.srcs/sources_1/new/im_4k.v:28]
WARNING: [Synth 8-3848] Net imem in module/entity im_4k does not have driver. [C:/Users/Administrator/Desktop/project_1/project_1.srcs/sources_1/new/im_4k.v:28]
WARNING: [Synth 8-3848] Net imem in module/entity im_4k does not have driver. [C:/Users/Administrator/Desktop/project_1/project_1.srcs/sources_1/new/im_4k.v:28]
WARNING: [Synth 8-3848] Net imem in module/entity im_4k does not have driver. [C:/Users/Administrator/Desktop/project_1/project_1.srcs/sources_1/new/im_4k.v:28]
WARNING: [Synth 8-3848] Net imem in module/entity im_4k does not have driver. [C:/Users/Administrator/Desktop/project_1/project_1.srcs/sources_1/new/im_4k.v:28]
WARNING: [Synth 8-3848] Net imem in module/entity im_4k does not have driver. [C:/Users/Administrator/Desktop/project_1/project_1.srcs/sources_1/new/im_4k.v:28]
WARNING: [Synth 8-3848] Net imem in module/entity im_4k does not have driver. [C:/Users/Administrator/Desktop/project_1/project_1.srcs/sources_1/new/im_4k.v:28]
WARNING: [Synth 8-3848] Net imem in module/entity im_4k does not have driver. [C:/Users/Administrator/Desktop/project_1/project_1.srcs/sources_1/new/im_4k.v:28]
WARNING: [Synth 8-3848] Net imem in module/entity im_4k does not have driver. [C:/Users/Administrator/Desktop/project_1/project_1.srcs/sources_1/new/im_4k.v:28]
WARNING: [Synth 8-3848] Net imem in module/entity im_4k does not have driver. [C:/Users/Administrator/Desktop/project_1/project_1.srcs/sources_1/new/im_4k.v:28]
WARNING: [Synth 8-3848] Net imem in module/entity im_4k does not have driver. [C:/Users/Administrator/Desktop/project_1/project_1.srcs/sources_1/new/im_4k.v:28]
WARNING: [Synth 8-3848] Net imem in module/entity im_4k does not have driver. [C:/Users/Administrator/Desktop/project_1/project_1.srcs/sources_1/new/im_4k.v:28]
WARNING: [Synth 8-3848] Net imem in module/entity im_4k does not have driver. [C:/Users/Administrator/Desktop/project_1/project_1.srcs/sources_1/new/im_4k.v:28]
WARNING: [Synth 8-3848] Net imem in module/entity im_4k does not have driver. [C:/Users/Administrator/Desktop/project_1/project_1.srcs/sources_1/new/im_4k.v:28]
WARNING: [Synth 8-3848] Net imem in module/entity im_4k does not have driver. [C:/Users/Administrator/Desktop/project_1/project_1.srcs/sources_1/new/im_4k.v:28]
WARNING: [Synth 8-3848] Net imem in module/entity im_4k does not have driver. [C:/Users/Administrator/Desktop/project_1/project_1.srcs/sources_1/new/im_4k.v:28]
WARNING: [Synth 8-3848] Net imem in module/entity im_4k does not have driver. [C:/Users/Administrator/Desktop/project_1/project_1.srcs/sources_1/new/im_4k.v:28]
WARNING: [Synth 8-3848] Net imem in module/entity im_4k does not have driver. [C:/Users/Administrator/Desktop/project_1/project_1.srcs/sources_1/new/im_4k.v:28]
WARNING: [Synth 8-3848] Net imem in module/entity im_4k does not have driver. [C:/Users/Administrator/Desktop/project_1/project_1.srcs/sources_1/new/im_4k.v:28]
WARNING: [Synth 8-3848] Net imem in module/entity im_4k does not have driver. [C:/Users/Administrator/Desktop/project_1/project_1.srcs/sources_1/new/im_4k.v:28]
WARNING: [Synth 8-3848] Net imem in module/entity im_4k does not have driver. [C:/Users/Administrator/Desktop/project_1/project_1.srcs/sources_1/new/im_4k.v:28]
WARNING: [Synth 8-3848] Net imem in module/entity im_4k does not have driver. [C:/Users/Administrator/Desktop/project_1/project_1.srcs/sources_1/new/im_4k.v:28]
WARNING: [Synth 8-3848] Net imem in module/entity im_4k does not have driver. [C:/Users/Administrator/Desktop/project_1/project_1.srcs/sources_1/new/im_4k.v:28]
WARNING: [Synth 8-3848] Net imem in module/entity im_4k does not have driver. [C:/Users/Administrator/Desktop/project_1/project_1.srcs/sources_1/new/im_4k.v:28]
WARNING: [Synth 8-3848] Net imem in module/entity im_4k does not have driver. [C:/Users/Administrator/Desktop/project_1/project_1.srcs/sources_1/new/im_4k.v:28]
WARNING: [Synth 8-3848] Net imem in module/entity im_4k does not have driver. [C:/Users/Administrator/Desktop/project_1/project_1.srcs/sources_1/new/im_4k.v:28]
WARNING: [Synth 8-3848] Net imem in module/entity im_4k does not have driver. [C:/Users/Administrator/Desktop/project_1/project_1.srcs/sources_1/new/im_4k.v:28]
WARNING: [Synth 8-3848] Net imem in module/entity im_4k does not have driver. [C:/Users/Administrator/Desktop/project_1/project_1.srcs/sources_1/new/im_4k.v:28]
WARNING: [Synth 8-3848] Net imem in module/entity im_4k does not have driver. [C:/Users/Administrator/Desktop/project_1/project_1.srcs/sources_1/new/im_4k.v:28]
WARNING: [Synth 8-3848] Net imem in module/entity im_4k does not have driver. [C:/Users/Administrator/Desktop/project_1/project_1.srcs/sources_1/new/im_4k.v:28]
WARNING: [Synth 8-3848] Net imem in module/entity im_4k does not have driver. [C:/Users/Administrator/Desktop/project_1/project_1.srcs/sources_1/new/im_4k.v:28]
WARNING: [Synth 8-3848] Net imem in module/entity im_4k does not have driver. [C:/Users/Administrator/Desktop/project_1/project_1.srcs/sources_1/new/im_4k.v:28]
WARNING: [Synth 8-3848] Net imem in module/entity im_4k does not have driver. [C:/Users/Administrator/Desktop/project_1/project_1.srcs/sources_1/new/im_4k.v:28]
WARNING: [Synth 8-3848] Net imem in module/entity im_4k does not have driver. [C:/Users/Administrator/Desktop/project_1/project_1.srcs/sources_1/new/im_4k.v:28]
WARNING: [Synth 8-3848] Net imem in module/entity im_4k does not have driver. [C:/Users/Administrator/Desktop/project_1/project_1.srcs/sources_1/new/im_4k.v:28]
WARNING: [Synth 8-3848] Net imem in module/entity im_4k does not have driver. [C:/Users/Administrator/Desktop/project_1/project_1.srcs/sources_1/new/im_4k.v:28]
WARNING: [Synth 8-3848] Net imem in module/entity im_4k does not have driver. [C:/Users/Administrator/Desktop/project_1/project_1.srcs/sources_1/new/im_4k.v:28]
WARNING: [Synth 8-3848] Net imem in module/entity im_4k does not have driver. [C:/Users/Administrator/Desktop/project_1/project_1.srcs/sources_1/new/im_4k.v:28]
WARNING: [Synth 8-3848] Net imem in module/entity im_4k does not have driver. [C:/Users/Administrator/Desktop/project_1/project_1.srcs/sources_1/new/im_4k.v:28]
WARNING: [Synth 8-3848] Net imem in module/entity im_4k does not have driver. [C:/Users/Administrator/Desktop/project_1/project_1.srcs/sources_1/new/im_4k.v:28]
WARNING: [Synth 8-3848] Net imem in module/entity im_4k does not have driver. [C:/Users/Administrator/Desktop/project_1/project_1.srcs/sources_1/new/im_4k.v:28]
WARNING: [Synth 8-3848] Net imem in module/entity im_4k does not have driver. [C:/Users/Administrator/Desktop/project_1/project_1.srcs/sources_1/new/im_4k.v:28]
WARNING: [Synth 8-3848] Net imem in module/entity im_4k does not have driver. [C:/Users/Administrator/Desktop/project_1/project_1.srcs/sources_1/new/im_4k.v:28]
WARNING: [Synth 8-3848] Net imem in module/entity im_4k does not have driver. [C:/Users/Administrator/Desktop/project_1/project_1.srcs/sources_1/new/im_4k.v:28]
WARNING: [Synth 8-3848] Net imem in module/entity im_4k does not have driver. [C:/Users/Administrator/Desktop/project_1/project_1.srcs/sources_1/new/im_4k.v:28]
WARNING: [Synth 8-3848] Net imem in module/entity im_4k does not have driver. [C:/Users/Administrator/Desktop/project_1/project_1.srcs/sources_1/new/im_4k.v:28]
WARNING: [Synth 8-3848] Net imem in module/entity im_4k does not have driver. [C:/Users/Administrator/Desktop/project_1/project_1.srcs/sources_1/new/im_4k.v:28]
WARNING: [Synth 8-3848] Net imem in module/entity im_4k does not have driver. [C:/Users/Administrator/Desktop/project_1/project_1.srcs/sources_1/new/im_4k.v:28]
WARNING: [Synth 8-3848] Net imem in module/entity im_4k does not have driver. [C:/Users/Administrator/Desktop/project_1/project_1.srcs/sources_1/new/im_4k.v:28]
WARNING: [Synth 8-3848] Net imem in module/entity im_4k does not have driver. [C:/Users/Administrator/Desktop/project_1/project_1.srcs/sources_1/new/im_4k.v:28]
WARNING: [Synth 8-3848] Net imem in module/entity im_4k does not have driver. [C:/Users/Administrator/Desktop/project_1/project_1.srcs/sources_1/new/im_4k.v:28]
WARNING: [Synth 8-3848] Net imem in module/entity im_4k does not have driver. [C:/Users/Administrator/Desktop/project_1/project_1.srcs/sources_1/new/im_4k.v:28]
WARNING: [Synth 8-3848] Net imem in module/entity im_4k does not have driver. [C:/Users/Administrator/Desktop/project_1/project_1.srcs/sources_1/new/im_4k.v:28]
WARNING: [Synth 8-3848] Net imem in module/entity im_4k does not have driver. [C:/Users/Administrator/Desktop/project_1/project_1.srcs/sources_1/new/im_4k.v:28]
WARNING: [Synth 8-3848] Net imem in module/entity im_4k does not have driver. [C:/Users/Administrator/Desktop/project_1/project_1.srcs/sources_1/new/im_4k.v:28]
WARNING: [Synth 8-3848] Net imem in module/entity im_4k does not have driver. [C:/Users/Administrator/Desktop/project_1/project_1.srcs/sources_1/new/im_4k.v:28]
WARNING: [Synth 8-3848] Net imem in module/entity im_4k does not have driver. [C:/Users/Administrator/Desktop/project_1/project_1.srcs/sources_1/new/im_4k.v:28]
WARNING: [Synth 8-3848] Net imem in module/entity im_4k does not have driver. [C:/Users/Administrator/Desktop/project_1/project_1.srcs/sources_1/new/im_4k.v:28]
WARNING: [Synth 8-3848] Net imem in module/entity im_4k does not have driver. [C:/Users/Administrator/Desktop/project_1/project_1.srcs/sources_1/new/im_4k.v:28]
WARNING: [Synth 8-3848] Net imem in module/entity im_4k does not have driver. [C:/Users/Administrator/Desktop/project_1/project_1.srcs/sources_1/new/im_4k.v:28]
WARNING: [Synth 8-3848] Net imem in module/entity im_4k does not have driver. [C:/Users/Administrator/Desktop/project_1/project_1.srcs/sources_1/new/im_4k.v:28]
WARNING: [Synth 8-3848] Net imem in module/entity im_4k does not have driver. [C:/Users/Administrator/Desktop/project_1/project_1.srcs/sources_1/new/im_4k.v:28]
WARNING: [Synth 8-3848] Net imem in module/entity im_4k does not have driver. [C:/Users/Administrator/Desktop/project_1/project_1.srcs/sources_1/new/im_4k.v:28]
WARNING: [Synth 8-3848] Net imem in module/entity im_4k does not have driver. [C:/Users/Administrator/Desktop/project_1/project_1.srcs/sources_1/new/im_4k.v:28]
WARNING: [Synth 8-3848] Net imem in module/entity im_4k does not have driver. [C:/Users/Administrator/Desktop/project_1/project_1.srcs/sources_1/new/im_4k.v:28]
WARNING: [Synth 8-3848] Net imem in module/entity im_4k does not have driver. [C:/Users/Administrator/Desktop/project_1/project_1.srcs/sources_1/new/im_4k.v:28]
WARNING: [Synth 8-3848] Net imem in module/entity im_4k does not have driver. [C:/Users/Administrator/Desktop/project_1/project_1.srcs/sources_1/new/im_4k.v:28]
WARNING: [Synth 8-3848] Net imem in module/entity im_4k does not have driver. [C:/Users/Administrator/Desktop/project_1/project_1.srcs/sources_1/new/im_4k.v:28]
WARNING: [Synth 8-3848] Net imem in module/entity im_4k does not have driver. [C:/Users/Administrator/Desktop/project_1/project_1.srcs/sources_1/new/im_4k.v:28]
WARNING: [Synth 8-3848] Net imem in module/entity im_4k does not have driver. [C:/Users/Administrator/Desktop/project_1/project_1.srcs/sources_1/new/im_4k.v:28]
WARNING: [Synth 8-3848] Net imem in module/entity im_4k does not have driver. [C:/Users/Administrator/Desktop/project_1/project_1.srcs/sources_1/new/im_4k.v:28]
WARNING: [Synth 8-3848] Net imem in module/entity im_4k does not have driver. [C:/Users/Administrator/Desktop/project_1/project_1.srcs/sources_1/new/im_4k.v:28]
WARNING: [Synth 8-3848] Net imem in module/entity im_4k does not have driver. [C:/Users/Administrator/Desktop/project_1/project_1.srcs/sources_1/new/im_4k.v:28]
WARNING: [Synth 8-3848] Net imem in module/entity im_4k does not have driver. [C:/Users/Administrator/Desktop/project_1/project_1.srcs/sources_1/new/im_4k.v:28]
WARNING: [Synth 8-3848] Net imem in module/entity im_4k does not have driver. [C:/Users/Administrator/Desktop/project_1/project_1.srcs/sources_1/new/im_4k.v:28]
INFO: [Common 17-14] Message 'Synth 8-3848' appears 100 times and further instances of the messages will be disabled. Use the Tcl command set_msg_config to change the current settings.
INFO: [Synth 8-256] done synthesizing module 'im_4k' (4#1) [C:/Users/Administrator/Desktop/project_1/project_1.srcs/sources_1/new/im_4k.v:23]
INFO: [Synth 8-638] synthesizing module 'IR' [C:/Users/Administrator/Desktop/project_1/project_1.srcs/sources_1/new/IR.v:22]
INFO: [Synth 8-256] done synthesizing module 'IR' (5#1) [C:/Users/Administrator/Desktop/project_1/project_1.srcs/sources_1/new/IR.v:22]
INFO: [Synth 8-638] synthesizing module 'RF' [C:/Users/Administrator/Desktop/project_1/project_1.srcs/sources_1/new/RF.v:24]
INFO: [Synth 8-256] done synthesizing module 'RF' (6#1) [C:/Users/Administrator/Desktop/project_1/project_1.srcs/sources_1/new/RF.v:24]
INFO: [Synth 8-638] synthesizing module 'mux4' [C:/Users/Administrator/Desktop/project_1/project_1.srcs/sources_1/new/mux4.v:23]
	Parameter WIDTH bound to: 5 - type: integer 
INFO: [Synth 8-226] default block is never used [C:/Users/Administrator/Desktop/project_1/project_1.srcs/sources_1/new/mux4.v:34]
INFO: [Synth 8-256] done synthesizing module 'mux4' (7#1) [C:/Users/Administrator/Desktop/project_1/project_1.srcs/sources_1/new/mux4.v:23]
INFO: [Synth 8-638] synthesizing module 'mux4__parameterized0' [C:/Users/Administrator/Desktop/project_1/project_1.srcs/sources_1/new/mux4.v:23]
	Parameter WIDTH bound to: 32 - type: integer 
INFO: [Synth 8-226] default block is never used [C:/Users/Administrator/Desktop/project_1/project_1.srcs/sources_1/new/mux4.v:34]
INFO: [Synth 8-256] done synthesizing module 'mux4__parameterized0' (7#1) [C:/Users/Administrator/Desktop/project_1/project_1.srcs/sources_1/new/mux4.v:23]
INFO: [Synth 8-638] synthesizing module 'flopr' [C:/Users/Administrator/Desktop/project_1/project_1.srcs/sources_1/new/flopr.v:23]
	Parameter WIDTH bound to: 32 - type: integer 
INFO: [Synth 8-256] done synthesizing module 'flopr' (8#1) [C:/Users/Administrator/Desktop/project_1/project_1.srcs/sources_1/new/flopr.v:23]
INFO: [Synth 8-638] synthesizing module 'EXT' [C:/Users/Administrator/Desktop/project_1/project_1.srcs/sources_1/new/EXT.v:24]
INFO: [Synth 8-256] done synthesizing module 'EXT' (9#1) [C:/Users/Administrator/Desktop/project_1/project_1.srcs/sources_1/new/EXT.v:24]
INFO: [Synth 8-638] synthesizing module 'mux2' [C:/Users/Administrator/Desktop/project_1/project_1.srcs/sources_1/new/mux2.v:23]
	Parameter WIDTH bound to: 32 - type: integer 
INFO: [Synth 8-256] done synthesizing module 'mux2' (10#1) [C:/Users/Administrator/Desktop/project_1/project_1.srcs/sources_1/new/mux2.v:23]
INFO: [Synth 8-638] synthesizing module 'alu' [C:/Users/Administrator/Desktop/project_1/project_1.srcs/sources_1/new/alu.v:24]
INFO: [Synth 8-256] done synthesizing module 'alu' (11#1) [C:/Users/Administrator/Desktop/project_1/project_1.srcs/sources_1/new/alu.v:24]
INFO: [Synth 8-638] synthesizing module 'dm_4k' [C:/Users/Administrator/Desktop/project_1/project_1.srcs/sources_1/new/dm_4k.v:23]
INFO: [Synth 8-256] done synthesizing module 'dm_4k' (12#1) [C:/Users/Administrator/Desktop/project_1/project_1.srcs/sources_1/new/dm_4k.v:23]
INFO: [Synth 8-256] done synthesizing module 'mips' (13#1) [C:/Users/Administrator/Desktop/project_1/project_1.srcs/sources_1/new/mips.v:23]
---------------------------------------------------------------------------------
Finished RTL Elaboration : Time (s): cpu = 00:03:07 ; elapsed = 00:32:20 . Memory (MB): peak = 1691.340 ; gain = 1560.395
---------------------------------------------------------------------------------
---------------------------------------------------------------------------------
Start RTL Optimization
---------------------------------------------------------------------------------

Report Check Netlist: 
+------+------------------+-------+---------+-------+------------------+
|      |Item              |Errors |Warnings |Status |Description       |
+------+------------------+-------+---------+-------+------------------+
|1     |multi_driven_nets |      0|        0|Passed |Multi driven nets |
+------+------------------+-------+---------+-------+------------------+

Processing XDC Constraints
Completed Processing XDC Constraints

INFO: [Project 1-111] Unisim Transformation Summary:
No Unisim elements were transformed.

RTL Elaboration Complete:  : Time (s): cpu = 00:03:21 ; elapsed = 00:32:27 . Memory (MB): peak = 1840.453 ; gain = 1709.508
31 Infos, 100 Warnings, 0 Critical Warnings and 0 Errors encountered.
synth_design completed successfully
synth_design: Time (s): cpu = 00:00:19 ; elapsed = 00:00:12 . Memory (MB): peak = 1840.453 ; gain = 515.313
close_sim
INFO: [Simtcl 6-16] Simulation closed
exit
INFO: [Common 17-206] Exiting Vivado at Sat Jun 03 17:26:36 2017...
