#-----------------------------------------------------------
# Vivado v2014.2 (64-bit)
# SW Build 932637 on Wed Jun 11 13:33:10 MDT 2014
# IP Build 924643 on Fri May 30 09:20:16 MDT 2014
# Start of session at: Sun Jun 04 23:05:19 2017
# Process ID: 19044
# Log file: F:/学习/大二/计算机组成原理/课件&&作业/Project11（指令集设计_5_22）/15111206010程舸帆/vivado.log
# Journal file: F:/学习/大二/计算机组成原理/课件&&作业/Project11（指令集设计_5_22）/15111206010程舸帆\vivado.jou
#-----------------------------------------------------------
start_gui
open_project {F:\学习\大二\计算机组成原理\课件&&作业\Project11（指令集设计_5_22）\15111206010程舸帆\project_1.xpr}
INFO: [Project 1-489] The host OS only allows 260 characters in a normal path. The project is stored in a path with more than 80 characters. If you experience issues with IP, Block Designs, or files not being found, please consider moving the project to a location with a shorter path. Alternately consider using the OS subst command to map part of the path to a drive letter.
Current project path is 'F:/学习/大二/计算机组成原理/课件&&作业/Project11（指令集设计_5_22）/15111206010程舸帆'
INFO: [Project 1-313] Project file moved from 'C:/Users/Administrator/Desktop/project_11' since last save.
Scanning sources...
Finished scanning sources
WARNING: [filemgmt 20-1763] Vivado Synthesis ignores library specification for Verilog or SystemVerilog files. [F:/学习/大二/计算机组成原理/课件&&作业/Project11（指令集设计_5_22）/15111206010程舸帆/project_1.srcs/sources_1/new/global_def.v]
WARNING: [filemgmt 20-1763] Vivado Synthesis ignores library specification for Verilog or SystemVerilog files. [F:/学习/大二/计算机组成原理/课件&&作业/Project11（指令集设计_5_22）/15111206010程舸帆/project_1.srcs/sources_1/new/RF.v]
WARNING: [filemgmt 20-1763] Vivado Synthesis ignores library specification for Verilog or SystemVerilog files. [F:/学习/大二/计算机组成原理/课件&&作业/Project11（指令集设计_5_22）/15111206010程舸帆/project_1.srcs/sources_1/new/PC.v]
WARNING: [filemgmt 20-1763] Vivado Synthesis ignores library specification for Verilog or SystemVerilog files. [F:/学习/大二/计算机组成原理/课件&&作业/Project11（指令集设计_5_22）/15111206010程舸帆/project_1.srcs/sources_1/new/ctrl_encode_def.v]
WARNING: [filemgmt 20-1763] Vivado Synthesis ignores library specification for Verilog or SystemVerilog files. [F:/学习/大二/计算机组成原理/课件&&作业/Project11（指令集设计_5_22）/15111206010程舸帆/project_1.srcs/sources_1/new/NPC.v]
WARNING: [filemgmt 20-1763] Vivado Synthesis ignores library specification for Verilog or SystemVerilog files. [F:/学习/大二/计算机组成原理/课件&&作业/Project11（指令集设计_5_22）/15111206010程舸帆/project_1.srcs/sources_1/new/mux4.v]
WARNING: [filemgmt 20-1763] Vivado Synthesis ignores library specification for Verilog or SystemVerilog files. [F:/学习/大二/计算机组成原理/课件&&作业/Project11（指令集设计_5_22）/15111206010程舸帆/project_1.srcs/sources_1/new/mux2.v]
WARNING: [filemgmt 20-1763] Vivado Synthesis ignores library specification for Verilog or SystemVerilog files. [F:/学习/大二/计算机组成原理/课件&&作业/Project11（指令集设计_5_22）/15111206010程舸帆/project_1.srcs/sources_1/new/IR.v]
WARNING: [filemgmt 20-1763] Vivado Synthesis ignores library specification for Verilog or SystemVerilog files. [F:/学习/大二/计算机组成原理/课件&&作业/Project11（指令集设计_5_22）/15111206010程舸帆/project_1.srcs/sources_1/new/im_4k.v]
WARNING: [filemgmt 20-1763] Vivado Synthesis ignores library specification for Verilog or SystemVerilog files. [F:/学习/大二/计算机组成原理/课件&&作业/Project11（指令集设计_5_22）/15111206010程舸帆/project_1.srcs/sources_1/new/flopr.v]
WARNING: [filemgmt 20-1763] Vivado Synthesis ignores library specification for Verilog or SystemVerilog files. [F:/学习/大二/计算机组成原理/课件&&作业/Project11（指令集设计_5_22）/15111206010程舸帆/project_1.srcs/sources_1/new/EXT.v]
WARNING: [filemgmt 20-1763] Vivado Synthesis ignores library specification for Verilog or SystemVerilog files. [F:/学习/大二/计算机组成原理/课件&&作业/Project11（指令集设计_5_22）/15111206010程舸帆/project_1.srcs/sources_1/new/dm_4k.v]
WARNING: [filemgmt 20-1763] Vivado Synthesis ignores library specification for Verilog or SystemVerilog files. [F:/学习/大二/计算机组成原理/课件&&作业/Project11（指令集设计_5_22）/15111206010程舸帆/project_1.srcs/sources_1/new/instruction_def.v]
WARNING: [filemgmt 20-1763] Vivado Synthesis ignores library specification for Verilog or SystemVerilog files. [F:/学习/大二/计算机组成原理/课件&&作业/Project11（指令集设计_5_22）/15111206010程舸帆/project_1.srcs/sources_1/new/ctrl.v]
WARNING: [filemgmt 20-1763] Vivado Synthesis ignores library specification for Verilog or SystemVerilog files. [F:/学习/大二/计算机组成原理/课件&&作业/Project11（指令集设计_5_22）/15111206010程舸帆/project_1.srcs/sources_1/new/alu.v]
WARNING: [filemgmt 20-1763] Vivado Synthesis ignores library specification for Verilog or SystemVerilog files. [F:/学习/大二/计算机组成原理/课件&&作业/Project11（指令集设计_5_22）/15111206010程舸帆/project_1.srcs/sources_1/new/mips.v]
save_project_as TEST4 F:/TEST4 -force
exit
INFO: [Common 17-206] Exiting Vivado at Sun Jun 04 23:06:33 2017...
