
*** Running vivado
    with args -log mips.vds -m64 -mode batch -messageDb vivado.pb -source mips.tcl


****** Vivado v2014.2 (64-bit)
  **** SW Build 932637 on Wed Jun 11 13:33:10 MDT 2014
  **** IP Build 924643 on Fri May 30 09:20:16 MDT 2014
    ** Copyright 1986-2014 Xilinx, Inc. All Rights Reserved.

source mips.tcl
# set_param gui.test TreeTableDev
# set_msg_config -id {HDL 9-1061} -limit 100000
# set_msg_config -id {HDL 9-1654} -limit 100000
# set_msg_config -id {Synth 8-256} -limit 10000
# set_msg_config -id {Synth 8-638} -limit 10000
# create_project -in_memory -part xc7a100tcsg324-1
# set_property target_language Verilog [current_project]
# set_param project.compositeFile.enableAutoGeneration 0
# set_property default_lib xil_defaultlib [current_project]
# read_verilog -library xil_defaultlib {
#   C:/Users/Administrator/Desktop/project_1/project_1.srcs/sources_1/new/global_def.v
#   C:/Users/Administrator/Desktop/project_1/project_1.srcs/sources_1/new/RF.v
#   C:/Users/Administrator/Desktop/project_1/project_1.srcs/sources_1/new/PC.v
#   C:/Users/Administrator/Desktop/project_1/project_1.srcs/sources_1/new/ctrl_encode_def.v
#   C:/Users/Administrator/Desktop/project_1/project_1.srcs/sources_1/new/NPC.v
#   C:/Users/Administrator/Desktop/project_1/project_1.srcs/sources_1/new/mux4.v
#   C:/Users/Administrator/Desktop/project_1/project_1.srcs/sources_1/new/mux2.v
#   C:/Users/Administrator/Desktop/project_1/project_1.srcs/sources_1/new/IR.v
#   C:/Users/Administrator/Desktop/project_1/project_1.srcs/sources_1/new/im_4k.v
#   C:/Users/Administrator/Desktop/project_1/project_1.srcs/sources_1/new/flopr.v
#   C:/Users/Administrator/Desktop/project_1/project_1.srcs/sources_1/new/EXT.v
#   C:/Users/Administrator/Desktop/project_1/project_1.srcs/sources_1/new/dm_4k.v
#   C:/Users/Administrator/Desktop/project_1/project_1.srcs/sources_1/new/instruction_def.v
#   C:/Users/Administrator/Desktop/project_1/project_1.srcs/sources_1/new/ctrl.v
#   C:/Users/Administrator/Desktop/project_1/project_1.srcs/sources_1/new/alu.v
#   C:/Users/Administrator/Desktop/project_1/project_1.srcs/sources_1/new/mips.v
# }
WARNING: [filemgmt 20-1763] Vivado Synthesis ignores library specification for Verilog or SystemVerilog files. [C:/Users/Administrator/Desktop/project_1/project_1.srcs/sources_1/new/global_def.v]
WARNING: [filemgmt 20-1763] Vivado Synthesis ignores library specification for Verilog or SystemVerilog files. [C:/Users/Administrator/Desktop/project_1/project_1.srcs/sources_1/new/RF.v]
WARNING: [filemgmt 20-1763] Vivado Synthesis ignores library specification for Verilog or SystemVerilog files. [C:/Users/Administrator/Desktop/project_1/project_1.srcs/sources_1/new/PC.v]
WARNING: [filemgmt 20-1763] Vivado Synthesis ignores library specification for Verilog or SystemVerilog files. [C:/Users/Administrator/Desktop/project_1/project_1.srcs/sources_1/new/ctrl_encode_def.v]
WARNING: [filemgmt 20-1763] Vivado Synthesis ignores library specification for Verilog or SystemVerilog files. [C:/Users/Administrator/Desktop/project_1/project_1.srcs/sources_1/new/NPC.v]
WARNING: [filemgmt 20-1763] Vivado Synthesis ignores library specification for Verilog or SystemVerilog files. [C:/Users/Administrator/Desktop/project_1/project_1.srcs/sources_1/new/mux4.v]
WARNING: [filemgmt 20-1763] Vivado Synthesis ignores library specification for Verilog or SystemVerilog files. [C:/Users/Administrator/Desktop/project_1/project_1.srcs/sources_1/new/mux2.v]
WARNING: [filemgmt 20-1763] Vivado Synthesis ignores library specification for Verilog or SystemVerilog files. [C:/Users/Administrator/Desktop/project_1/project_1.srcs/sources_1/new/IR.v]
WARNING: [filemgmt 20-1763] Vivado Synthesis ignores library specification for Verilog or SystemVerilog files. [C:/Users/Administrator/Desktop/project_1/project_1.srcs/sources_1/new/im_4k.v]
WARNING: [filemgmt 20-1763] Vivado Synthesis ignores library specification for Verilog or SystemVerilog files. [C:/Users/Administrator/Desktop/project_1/project_1.srcs/sources_1/new/flopr.v]
WARNING: [filemgmt 20-1763] Vivado Synthesis ignores library specification for Verilog or SystemVerilog files. [C:/Users/Administrator/Desktop/project_1/project_1.srcs/sources_1/new/EXT.v]
WARNING: [filemgmt 20-1763] Vivado Synthesis ignores library specification for Verilog or SystemVerilog files. [C:/Users/Administrator/Desktop/project_1/project_1.srcs/sources_1/new/dm_4k.v]
WARNING: [filemgmt 20-1763] Vivado Synthesis ignores library specification for Verilog or SystemVerilog files. [C:/Users/Administrator/Desktop/project_1/project_1.srcs/sources_1/new/instruction_def.v]
WARNING: [filemgmt 20-1763] Vivado Synthesis ignores library specification for Verilog or SystemVerilog files. [C:/Users/Administrator/Desktop/project_1/project_1.srcs/sources_1/new/ctrl.v]
WARNING: [filemgmt 20-1763] Vivado Synthesis ignores library specification for Verilog or SystemVerilog files. [C:/Users/Administrator/Desktop/project_1/project_1.srcs/sources_1/new/alu.v]
WARNING: [filemgmt 20-1763] Vivado Synthesis ignores library specification for Verilog or SystemVerilog files. [C:/Users/Administrator/Desktop/project_1/project_1.srcs/sources_1/new/mips.v]
# set_param synth.vivado.isSynthRun true
# set_property webtalk.parent_dir C:/Users/Administrator/Desktop/project_1/project_1.cache/wt [current_project]
# set_property parent.project_dir C:/Users/Administrator/Desktop/project_1 [current_project]
# catch { write_hwdef -file mips.hwdef }
INFO: [Vivado_Tcl 4-279] hardware handoff file cannot be generated as there is no block diagram instance in the design
# synth_design -top mips -part xc7a100tcsg324-1
Command: synth_design -top mips -part xc7a100tcsg324-1

Starting synthesis...

Attempting to get a license for feature 'Synthesis' and/or device 'xc7a100t'
INFO: [Common 17-349] Got license for feature 'Synthesis' and/or device 'xc7a100t'
---------------------------------------------------------------------------------
Starting Synthesize : Time (s): cpu = 00:00:04 ; elapsed = 00:00:05 . Memory (MB): peak = 229.531 ; gain = 98.367
---------------------------------------------------------------------------------
INFO: [Synth 8-638] synthesizing module 'mips' [C:/Users/Administrator/Desktop/project_1/project_1.srcs/sources_1/new/mips.v:23]
INFO: [Synth 8-638] synthesizing module 'ctrl' [C:/Users/Administrator/Desktop/project_1/project_1.srcs/sources_1/new/ctrl.v:25]
	Parameter Fetch bound to: 4'b0000 
	Parameter DCD bound to: 4'b0001 
	Parameter Exe bound to: 4'b0010 
	Parameter MA bound to: 4'b0011 
	Parameter Branch bound to: 4'b0100 
	Parameter Jmp bound to: 4'b0101 
	Parameter MR bound to: 4'b0110 
	Parameter MW bound to: 4'b0111 
	Parameter WB bound to: 4'b1000 
	Parameter MemWB bound to: 4'b1001 
INFO: [Synth 8-256] done synthesizing module 'ctrl' (1#1) [C:/Users/Administrator/Desktop/project_1/project_1.srcs/sources_1/new/ctrl.v:25]
INFO: [Synth 8-638] synthesizing module 'PC' [C:/Users/Administrator/Desktop/project_1/project_1.srcs/sources_1/new/PC.v:23]
INFO: [Synth 8-256] done synthesizing module 'PC' (2#1) [C:/Users/Administrator/Desktop/project_1/project_1.srcs/sources_1/new/PC.v:23]
INFO: [Synth 8-638] synthesizing module 'NPC' [C:/Users/Administrator/Desktop/project_1/project_1.srcs/sources_1/new/NPC.v:24]
INFO: [Synth 8-256] done synthesizing module 'NPC' (3#1) [C:/Users/Administrator/Desktop/project_1/project_1.srcs/sources_1/new/NPC.v:24]
INFO: [Synth 8-638] synthesizing module 'im_4k' [C:/Users/Administrator/Desktop/project_1/project_1.srcs/sources_1/new/im_4k.v:23]

Warning: Trying to implement RAM in registers. Block RAM or DRAM implementation is not possible for one or more of the following reasons :
	1: Unable to determine number of words or word size in RAM. 
RAM dissolved into registers
WARNING: [Synth 8-3848] Net imem in module/entity im_4k does not have driver. [C:/Users/Administrator/Desktop/project_1/project_1.srcs/sources_1/new/im_4k.v:28]
WARNING: [Synth 8-3848] Net imem in module/entity im_4k does not have driver. [C:/Users/Administrator/Desktop/project_1/project_1.srcs/sources_1/new/im_4k.v:28]
WARNING: [Synth 8-3848] Net imem in module/entity im_4k does not have driver. [C:/Users/Administrator/Desktop/project_1/project_1.srcs/sources_1/new/im_4k.v:28]
WARNING: [Synth 8-3848] Net imem in module/entity im_4k does not have driver. [C:/Users/Administrator/Desktop/project_1/project_1.srcs/sources_1/new/im_4k.v:28]
WARNING: [Synth 8-3848] Net imem in module/entity im_4k does not have driver. [C:/Users/Administrator/Desktop/project_1/project_1.srcs/sources_1/new/im_4k.v:28]
WARNING: [Synth 8-3848] Net imem in module/entity im_4k does not have driver. [C:/Users/Administrator/Desktop/project_1/project_1.srcs/sources_1/new/im_4k.v:28]
WARNING: [Synth 8-3848] Net imem in module/entity im_4k does not have driver. [C:/Users/Administrator/Desktop/project_1/project_1.srcs/sources_1/new/im_4k.v:28]
WARNING: [Synth 8-3848] Net imem in module/entity im_4k does not have driver. [C:/Users/Administrator/Desktop/project_1/project_1.srcs/sources_1/new/im_4k.v:28]
WARNING: [Synth 8-3848] Net imem in module/entity im_4k does not have driver. [C:/Users/Administrator/Desktop/project_1/project_1.srcs/sources_1/new/im_4k.v:28]
WARNING: [Synth 8-3848] Net imem in module/entity im_4k does not have driver. [C:/Users/Administrator/Desktop/project_1/project_1.srcs/sources_1/new/im_4k.v:28]
WARNING: [Synth 8-3848] Net imem in module/entity im_4k does not have driver. [C:/Users/Administrator/Desktop/project_1/project_1.srcs/sources_1/new/im_4k.v:28]
WARNING: [Synth 8-3848] Net imem in module/entity im_4k does not have driver. [C:/Users/Administrator/Desktop/project_1/project_1.srcs/sources_1/new/im_4k.v:28]
WARNING: [Synth 8-3848] Net imem in module/entity im_4k does not have driver. [C:/Users/Administrator/Desktop/project_1/project_1.srcs/sources_1/new/im_4k.v:28]
WARNING: [Synth 8-3848] Net imem in module/entity im_4k does not have driver. [C:/Users/Administrator/Desktop/project_1/project_1.srcs/sources_1/new/im_4k.v:28]
WARNING: [Synth 8-3848] Net imem in module/entity im_4k does not have driver. [C:/Users/Administrator/Desktop/project_1/project_1.srcs/sources_1/new/im_4k.v:28]
WARNING: [Synth 8-3848] Net imem in module/entity im_4k does not have driver. [C:/Users/Administrator/Desktop/project_1/project_1.srcs/sources_1/new/im_4k.v:28]
WARNING: [Synth 8-3848] Net imem in module/entity im_4k does not have driver. [C:/Users/Administrator/Desktop/project_1/project_1.srcs/sources_1/new/im_4k.v:28]
WARNING: [Synth 8-3848] Net imem in module/entity im_4k does not have driver. [C:/Users/Administrator/Desktop/project_1/project_1.srcs/sources_1/new/im_4k.v:28]
WARNING: [Synth 8-3848] Net imem in module/entity im_4k does not have driver. [C:/Users/Administrator/Desktop/project_1/project_1.srcs/sources_1/new/im_4k.v:28]
WARNING: [Synth 8-3848] Net imem in module/entity im_4k does not have driver. [C:/Users/Administrator/Desktop/project_1/project_1.srcs/sources_1/new/im_4k.v:28]
WARNING: [Synth 8-3848] Net imem in module/entity im_4k does not have driver. [C:/Users/Administrator/Desktop/project_1/project_1.srcs/sources_1/new/im_4k.v:28]
WARNING: [Synth 8-3848] Net imem in module/entity im_4k does not have driver. [C:/Users/Administrator/Desktop/project_1/project_1.srcs/sources_1/new/im_4k.v:28]
WARNING: [Synth 8-3848] Net imem in module/entity im_4k does not have driver. [C:/Users/Administrator/Desktop/project_1/project_1.srcs/sources_1/new/im_4k.v:28]
WARNING: [Synth 8-3848] Net imem in module/entity im_4k does not have driver. [C:/Users/Administrator/Desktop/project_1/project_1.srcs/sources_1/new/im_4k.v:28]
WARNING: [Synth 8-3848] Net imem in module/entity im_4k does not have driver. [C:/Users/Administrator/Desktop/project_1/project_1.srcs/sources_1/new/im_4k.v:28]
WARNING: [Synth 8-3848] Net imem in module/entity im_4k does not have driver. [C:/Users/Administrator/Desktop/project_1/project_1.srcs/sources_1/new/im_4k.v:28]
WARNING: [Synth 8-3848] Net imem in module/entity im_4k does not have driver. [C:/Users/Administrator/Desktop/project_1/project_1.srcs/sources_1/new/im_4k.v:28]
WARNING: [Synth 8-3848] Net imem in module/entity im_4k does not have driver. [C:/Users/Administrator/Desktop/project_1/project_1.srcs/sources_1/new/im_4k.v:28]
WARNING: [Synth 8-3848] Net imem in module/entity im_4k does not have driver. [C:/Users/Administrator/Desktop/project_1/project_1.srcs/sources_1/new/im_4k.v:28]
WARNING: [Synth 8-3848] Net imem in module/entity im_4k does not have driver. [C:/Users/Administrator/Desktop/project_1/project_1.srcs/sources_1/new/im_4k.v:28]
WARNING: [Synth 8-3848] Net imem in module/entity im_4k does not have driver. [C:/Users/Administrator/Desktop/project_1/project_1.srcs/sources_1/new/im_4k.v:28]
WARNING: [Synth 8-3848] Net imem in module/entity im_4k does not have driver. [C:/Users/Administrator/Desktop/project_1/project_1.srcs/sources_1/new/im_4k.v:28]
WARNING: [Synth 8-3848] Net imem in module/entity im_4k does not have driver. [C:/Users/Administrator/Desktop/project_1/project_1.srcs/sources_1/new/im_4k.v:28]
WARNING: [Synth 8-3848] Net imem in module/entity im_4k does not have driver. [C:/Users/Administrator/Desktop/project_1/project_1.srcs/sources_1/new/im_4k.v:28]
WARNING: [Synth 8-3848] Net imem in module/entity im_4k does not have driver. [C:/Users/Administrator/Desktop/project_1/project_1.srcs/sources_1/new/im_4k.v:28]
WARNING: [Synth 8-3848] Net imem in module/entity im_4k does not have driver. [C:/Users/Administrator/Desktop/project_1/project_1.srcs/sources_1/new/im_4k.v:28]
WARNING: [Synth 8-3848] Net imem in module/entity im_4k does not have driver. [C:/Users/Administrator/Desktop/project_1/project_1.srcs/sources_1/new/im_4k.v:28]
WARNING: [Synth 8-3848] Net imem in module/entity im_4k does not have driver. [C:/Users/Administrator/Desktop/project_1/project_1.srcs/sources_1/new/im_4k.v:28]
WARNING: [Synth 8-3848] Net imem in module/entity im_4k does not have driver. [C:/Users/Administrator/Desktop/project_1/project_1.srcs/sources_1/new/im_4k.v:28]
WARNING: [Synth 8-3848] Net imem in module/entity im_4k does not have driver. [C:/Users/Administrator/Desktop/project_1/project_1.srcs/sources_1/new/im_4k.v:28]
WARNING: [Synth 8-3848] Net imem in module/entity im_4k does not have driver. [C:/Users/Administrator/Desktop/project_1/project_1.srcs/sources_1/new/im_4k.v:28]
WARNING: [Synth 8-3848] Net imem in module/entity im_4k does not have driver. [C:/Users/Administrator/Desktop/project_1/project_1.srcs/sources_1/new/im_4k.v:28]
WARNING: [Synth 8-3848] Net imem in module/entity im_4k does not have driver. [C:/Users/Administrator/Desktop/project_1/project_1.srcs/sources_1/new/im_4k.v:28]
WARNING: [Synth 8-3848] Net imem in module/entity im_4k does not have driver. [C:/Users/Administrator/Desktop/project_1/project_1.srcs/sources_1/new/im_4k.v:28]
WARNING: [Synth 8-3848] Net imem in module/entity im_4k does not have driver. [C:/Users/Administrator/Desktop/project_1/project_1.srcs/sources_1/new/im_4k.v:28]
WARNING: [Synth 8-3848] Net imem in module/entity im_4k does not have driver. [C:/Users/Administrator/Desktop/project_1/project_1.srcs/sources_1/new/im_4k.v:28]
WARNING: [Synth 8-3848] Net imem in module/entity im_4k does not have driver. [C:/Users/Administrator/Desktop/project_1/project_1.srcs/sources_1/new/im_4k.v:28]
WARNING: [Synth 8-3848] Net imem in module/entity im_4k does not have driver. [C:/Users/Administrator/Desktop/project_1/project_1.srcs/sources_1/new/im_4k.v:28]
WARNING: [Synth 8-3848] Net imem in module/entity im_4k does not have driver. [C:/Users/Administrator/Desktop/project_1/project_1.srcs/sources_1/new/im_4k.v:28]
WARNING: [Synth 8-3848] Net imem in module/entity im_4k does not have driver. [C:/Users/Administrator/Desktop/project_1/project_1.srcs/sources_1/new/im_4k.v:28]
WARNING: [Synth 8-3848] Net imem in module/entity im_4k does not have driver. [C:/Users/Administrator/Desktop/project_1/project_1.srcs/sources_1/new/im_4k.v:28]
WARNING: [Synth 8-3848] Net imem in module/entity im_4k does not have driver. [C:/Users/Administrator/Desktop/project_1/project_1.srcs/sources_1/new/im_4k.v:28]
WARNING: [Synth 8-3848] Net imem in module/entity im_4k does not have driver. [C:/Users/Administrator/Desktop/project_1/project_1.srcs/sources_1/new/im_4k.v:28]
WARNING: [Synth 8-3848] Net imem in module/entity im_4k does not have driver. [C:/Users/Administrator/Desktop/project_1/project_1.srcs/sources_1/new/im_4k.v:28]
WARNING: [Synth 8-3848] Net imem in module/entity im_4k does not have driver. [C:/Users/Administrator/Desktop/project_1/project_1.srcs/sources_1/new/im_4k.v:28]
WARNING: [Synth 8-3848] Net imem in module/entity im_4k does not have driver. [C:/Users/Administrator/Desktop/project_1/project_1.srcs/sources_1/new/im_4k.v:28]
WARNING: [Synth 8-3848] Net imem in module/entity im_4k does not have driver. [C:/Users/Administrator/Desktop/project_1/project_1.srcs/sources_1/new/im_4k.v:28]
WARNING: [Synth 8-3848] Net imem in module/entity im_4k does not have driver. [C:/Users/Administrator/Desktop/project_1/project_1.srcs/sources_1/new/im_4k.v:28]
WARNING: [Synth 8-3848] Net imem in module/entity im_4k does not have driver. [C:/Users/Administrator/Desktop/project_1/project_1.srcs/sources_1/new/im_4k.v:28]
WARNING: [Synth 8-3848] Net imem in module/entity im_4k does not have driver. [C:/Users/Administrator/Desktop/project_1/project_1.srcs/sources_1/new/im_4k.v:28]
WARNING: [Synth 8-3848] Net imem in module/entity im_4k does not have driver. [C:/Users/Administrator/Desktop/project_1/project_1.srcs/sources_1/new/im_4k.v:28]
WARNING: [Synth 8-3848] Net imem in module/entity im_4k does not have driver. [C:/Users/Administrator/Desktop/project_1/project_1.srcs/sources_1/new/im_4k.v:28]
WARNING: [Synth 8-3848] Net imem in module/entity im_4k does not have driver. [C:/Users/Administrator/Desktop/project_1/project_1.srcs/sources_1/new/im_4k.v:28]
WARNING: [Synth 8-3848] Net imem in module/entity im_4k does not have driver. [C:/Users/Administrator/Desktop/project_1/project_1.srcs/sources_1/new/im_4k.v:28]
WARNING: [Synth 8-3848] Net imem in module/entity im_4k does not have driver. [C:/Users/Administrator/Desktop/project_1/project_1.srcs/sources_1/new/im_4k.v:28]
WARNING: [Synth 8-3848] Net imem in module/entity im_4k does not have driver. [C:/Users/Administrator/Desktop/project_1/project_1.srcs/sources_1/new/im_4k.v:28]
WARNING: [Synth 8-3848] Net imem in module/entity im_4k does not have driver. [C:/Users/Administrator/Desktop/project_1/project_1.srcs/sources_1/new/im_4k.v:28]
WARNING: [Synth 8-3848] Net imem in module/entity im_4k does not have driver. [C:/Users/Administrator/Desktop/project_1/project_1.srcs/sources_1/new/im_4k.v:28]
WARNING: [Synth 8-3848] Net imem in module/entity im_4k does not have driver. [C:/Users/Administrator/Desktop/project_1/project_1.srcs/sources_1/new/im_4k.v:28]
WARNING: [Synth 8-3848] Net imem in module/entity im_4k does not have driver. [C:/Users/Administrator/Desktop/project_1/project_1.srcs/sources_1/new/im_4k.v:28]
WARNING: [Synth 8-3848] Net imem in module/entity im_4k does not have driver. [C:/Users/Administrator/Desktop/project_1/project_1.srcs/sources_1/new/im_4k.v:28]
WARNING: [Synth 8-3848] Net imem in module/entity im_4k does not have driver. [C:/Users/Administrator/Desktop/project_1/project_1.srcs/sources_1/new/im_4k.v:28]
WARNING: [Synth 8-3848] Net imem in module/entity im_4k does not have driver. [C:/Users/Administrator/Desktop/project_1/project_1.srcs/sources_1/new/im_4k.v:28]
WARNING: [Synth 8-3848] Net imem in module/entity im_4k does not have driver. [C:/Users/Administrator/Desktop/project_1/project_1.srcs/sources_1/new/im_4k.v:28]
WARNING: [Synth 8-3848] Net imem in module/entity im_4k does not have driver. [C:/Users/Administrator/Desktop/project_1/project_1.srcs/sources_1/new/im_4k.v:28]
WARNING: [Synth 8-3848] Net imem in module/entity im_4k does not have driver. [C:/Users/Administrator/Desktop/project_1/project_1.srcs/sources_1/new/im_4k.v:28]
WARNING: [Synth 8-3848] Net imem in module/entity im_4k does not have driver. [C:/Users/Administrator/Desktop/project_1/project_1.srcs/sources_1/new/im_4k.v:28]
WARNING: [Synth 8-3848] Net imem in module/entity im_4k does not have driver. [C:/Users/Administrator/Desktop/project_1/project_1.srcs/sources_1/new/im_4k.v:28]
WARNING: [Synth 8-3848] Net imem in module/entity im_4k does not have driver. [C:/Users/Administrator/Desktop/project_1/project_1.srcs/sources_1/new/im_4k.v:28]
WARNING: [Synth 8-3848] Net imem in module/entity im_4k does not have driver. [C:/Users/Administrator/Desktop/project_1/project_1.srcs/sources_1/new/im_4k.v:28]
WARNING: [Synth 8-3848] Net imem in module/entity im_4k does not have driver. [C:/Users/Administrator/Desktop/project_1/project_1.srcs/sources_1/new/im_4k.v:28]
WARNING: [Synth 8-3848] Net imem in module/entity im_4k does not have driver. [C:/Users/Administrator/Desktop/project_1/project_1.srcs/sources_1/new/im_4k.v:28]
WARNING: [Synth 8-3848] Net imem in module/entity im_4k does not have driver. [C:/Users/Administrator/Desktop/project_1/project_1.srcs/sources_1/new/im_4k.v:28]
WARNING: [Synth 8-3848] Net imem in module/entity im_4k does not have driver. [C:/Users/Administrator/Desktop/project_1/project_1.srcs/sources_1/new/im_4k.v:28]
WARNING: [Synth 8-3848] Net imem in module/entity im_4k does not have driver. [C:/Users/Administrator/Desktop/project_1/project_1.srcs/sources_1/new/im_4k.v:28]
WARNING: [Synth 8-3848] Net imem in module/entity im_4k does not have driver. [C:/Users/Administrator/Desktop/project_1/project_1.srcs/sources_1/new/im_4k.v:28]
WARNING: [Synth 8-3848] Net imem in module/entity im_4k does not have driver. [C:/Users/Administrator/Desktop/project_1/project_1.srcs/sources_1/new/im_4k.v:28]
WARNING: [Synth 8-3848] Net imem in module/entity im_4k does not have driver. [C:/Users/Administrator/Desktop/project_1/project_1.srcs/sources_1/new/im_4k.v:28]
WARNING: [Synth 8-3848] Net imem in module/entity im_4k does not have driver. [C:/Users/Administrator/Desktop/project_1/project_1.srcs/sources_1/new/im_4k.v:28]
WARNING: [Synth 8-3848] Net imem in module/entity im_4k does not have driver. [C:/Users/Administrator/Desktop/project_1/project_1.srcs/sources_1/new/im_4k.v:28]
WARNING: [Synth 8-3848] Net imem in module/entity im_4k does not have driver. [C:/Users/Administrator/Desktop/project_1/project_1.srcs/sources_1/new/im_4k.v:28]
WARNING: [Synth 8-3848] Net imem in module/entity im_4k does not have driver. [C:/Users/Administrator/Desktop/project_1/project_1.srcs/sources_1/new/im_4k.v:28]
WARNING: [Synth 8-3848] Net imem in module/entity im_4k does not have driver. [C:/Users/Administrator/Desktop/project_1/project_1.srcs/sources_1/new/im_4k.v:28]
WARNING: [Synth 8-3848] Net imem in module/entity im_4k does not have driver. [C:/Users/Administrator/Desktop/project_1/project_1.srcs/sources_1/new/im_4k.v:28]
WARNING: [Synth 8-3848] Net imem in module/entity im_4k does not have driver. [C:/Users/Administrator/Desktop/project_1/project_1.srcs/sources_1/new/im_4k.v:28]
WARNING: [Synth 8-3848] Net imem in module/entity im_4k does not have driver. [C:/Users/Administrator/Desktop/project_1/project_1.srcs/sources_1/new/im_4k.v:28]
WARNING: [Synth 8-3848] Net imem in module/entity im_4k does not have driver. [C:/Users/Administrator/Desktop/project_1/project_1.srcs/sources_1/new/im_4k.v:28]
WARNING: [Synth 8-3848] Net imem in module/entity im_4k does not have driver. [C:/Users/Administrator/Desktop/project_1/project_1.srcs/sources_1/new/im_4k.v:28]
WARNING: [Synth 8-3848] Net imem in module/entity im_4k does not have driver. [C:/Users/Administrator/Desktop/project_1/project_1.srcs/sources_1/new/im_4k.v:28]
WARNING: [Synth 8-3848] Net imem in module/entity im_4k does not have driver. [C:/Users/Administrator/Desktop/project_1/project_1.srcs/sources_1/new/im_4k.v:28]
INFO: [Common 17-14] Message 'Synth 8-3848' appears 100 times and further instances of the messages will be disabled. Use the Tcl command set_msg_config to change the current settings.
INFO: [Synth 8-256] done synthesizing module 'im_4k' (4#1) [C:/Users/Administrator/Desktop/project_1/project_1.srcs/sources_1/new/im_4k.v:23]
INFO: [Synth 8-638] synthesizing module 'IR' [C:/Users/Administrator/Desktop/project_1/project_1.srcs/sources_1/new/IR.v:22]
INFO: [Synth 8-256] done synthesizing module 'IR' (5#1) [C:/Users/Administrator/Desktop/project_1/project_1.srcs/sources_1/new/IR.v:22]
INFO: [Synth 8-638] synthesizing module 'RF' [C:/Users/Administrator/Desktop/project_1/project_1.srcs/sources_1/new/RF.v:24]
INFO: [Synth 8-256] done synthesizing module 'RF' (6#1) [C:/Users/Administrator/Desktop/project_1/project_1.srcs/sources_1/new/RF.v:24]
INFO: [Synth 8-638] synthesizing module 'mux4' [C:/Users/Administrator/Desktop/project_1/project_1.srcs/sources_1/new/mux4.v:23]
	Parameter WIDTH bound to: 5 - type: integer 
INFO: [Synth 8-226] default block is never used [C:/Users/Administrator/Desktop/project_1/project_1.srcs/sources_1/new/mux4.v:34]
INFO: [Synth 8-256] done synthesizing module 'mux4' (7#1) [C:/Users/Administrator/Desktop/project_1/project_1.srcs/sources_1/new/mux4.v:23]
INFO: [Synth 8-638] synthesizing module 'mux4__parameterized0' [C:/Users/Administrator/Desktop/project_1/project_1.srcs/sources_1/new/mux4.v:23]
	Parameter WIDTH bound to: 32 - type: integer 
INFO: [Synth 8-226] default block is never used [C:/Users/Administrator/Desktop/project_1/project_1.srcs/sources_1/new/mux4.v:34]
INFO: [Synth 8-256] done synthesizing module 'mux4__parameterized0' (7#1) [C:/Users/Administrator/Desktop/project_1/project_1.srcs/sources_1/new/mux4.v:23]
INFO: [Synth 8-638] synthesizing module 'flopr' [C:/Users/Administrator/Desktop/project_1/project_1.srcs/sources_1/new/flopr.v:23]
	Parameter WIDTH bound to: 32 - type: integer 
INFO: [Synth 8-256] done synthesizing module 'flopr' (8#1) [C:/Users/Administrator/Desktop/project_1/project_1.srcs/sources_1/new/flopr.v:23]
INFO: [Synth 8-638] synthesizing module 'EXT' [C:/Users/Administrator/Desktop/project_1/project_1.srcs/sources_1/new/EXT.v:24]
INFO: [Synth 8-256] done synthesizing module 'EXT' (9#1) [C:/Users/Administrator/Desktop/project_1/project_1.srcs/sources_1/new/EXT.v:24]
INFO: [Synth 8-638] synthesizing module 'mux2' [C:/Users/Administrator/Desktop/project_1/project_1.srcs/sources_1/new/mux2.v:23]
	Parameter WIDTH bound to: 32 - type: integer 
INFO: [Synth 8-256] done synthesizing module 'mux2' (10#1) [C:/Users/Administrator/Desktop/project_1/project_1.srcs/sources_1/new/mux2.v:23]
INFO: [Synth 8-638] synthesizing module 'alu' [C:/Users/Administrator/Desktop/project_1/project_1.srcs/sources_1/new/alu.v:24]
INFO: [Synth 8-256] done synthesizing module 'alu' (11#1) [C:/Users/Administrator/Desktop/project_1/project_1.srcs/sources_1/new/alu.v:24]
INFO: [Synth 8-638] synthesizing module 'dm_4k' [C:/Users/Administrator/Desktop/project_1/project_1.srcs/sources_1/new/dm_4k.v:23]
INFO: [Synth 8-256] done synthesizing module 'dm_4k' (12#1) [C:/Users/Administrator/Desktop/project_1/project_1.srcs/sources_1/new/dm_4k.v:23]
INFO: [Synth 8-256] done synthesizing module 'mips' (13#1) [C:/Users/Administrator/Desktop/project_1/project_1.srcs/sources_1/new/mips.v:23]
---------------------------------------------------------------------------------
Finished Synthesize : Time (s): cpu = 00:00:05 ; elapsed = 00:00:07 . Memory (MB): peak = 269.844 ; gain = 138.680
---------------------------------------------------------------------------------
---------------------------------------------------------------------------------
Start RTL Optimization
---------------------------------------------------------------------------------
---------------------------------------------------------------------------------
Start Loading Part and Timing Information
---------------------------------------------------------------------------------
Loading part: xc7a100tcsg324-1
---------------------------------------------------------------------------------
Finished Loading Part and Timing Information : Time (s): cpu = 00:00:05 ; elapsed = 00:00:07 . Memory (MB): peak = 269.844 ; gain = 138.680
---------------------------------------------------------------------------------
---------------------------------------------------------------------------------
Finished RTL Optimization : Time (s): cpu = 00:00:05 ; elapsed = 00:00:07 . Memory (MB): peak = 269.844 ; gain = 138.680
---------------------------------------------------------------------------------
INFO: [Synth 8-3537] HDL ADVISOR - The operator resource <adder> is shared. To prevent sharing consider applying a KEEP on the inputs of the operator [C:/Users/Administrator/Desktop/project_1/project_1.srcs/sources_1/new/NPC.v:34]
INFO: [Synth 8-3537] HDL ADVISOR - The operator resource <adder> is shared. To prevent sharing consider applying a KEEP on the inputs of the operator [C:/Users/Administrator/Desktop/project_1/project_1.srcs/sources_1/new/alu.v:34]
WARNING: [Synth 8-327] inferring latch for variable 'nextstate_reg' [C:/Users/Administrator/Desktop/project_1/project_1.srcs/sources_1/new/ctrl.v:86]
WARNING: [Synth 8-327] inferring latch for variable 'EXTOp_reg' [C:/Users/Administrator/Desktop/project_1/project_1.srcs/sources_1/new/ctrl.v:145]
WARNING: [Synth 8-327] inferring latch for variable 'ALUOp_reg' [C:/Users/Administrator/Desktop/project_1/project_1.srcs/sources_1/new/ctrl.v:162]
WARNING: [Synth 8-327] inferring latch for variable 'NPCOp_reg' [C:/Users/Administrator/Desktop/project_1/project_1.srcs/sources_1/new/ctrl.v:134]
WARNING: [Synth 8-327] inferring latch for variable 'RF_A3_sel_reg' [C:/Users/Administrator/Desktop/project_1/project_1.srcs/sources_1/new/ctrl.v:194]
WARNING: [Synth 8-327] inferring latch for variable 'RF_WD_sel_reg' [C:/Users/Administrator/Desktop/project_1/project_1.srcs/sources_1/new/ctrl.v:195]
WARNING: [Synth 8-327] inferring latch for variable 'B_sel_reg' [C:/Users/Administrator/Desktop/project_1/project_1.srcs/sources_1/new/ctrl.v:158]
WARNING: [Synth 8-327] inferring latch for variable 'NPC_reg' [C:/Users/Administrator/Desktop/project_1/project_1.srcs/sources_1/new/NPC.v:35]
WARNING: [Synth 8-327] inferring latch for variable 'Imm32_reg' [C:/Users/Administrator/Desktop/project_1/project_1.srcs/sources_1/new/EXT.v:34]
WARNING: [Synth 8-327] inferring latch for variable 'C_reg' [C:/Users/Administrator/Desktop/project_1/project_1.srcs/sources_1/new/alu.v:35]

Report RTL Partitions: 
+-+--------------+------------+----------+
| |RTL Partition |Replication |Instances |
+-+--------------+------------+----------+
+-+--------------+------------+----------+
No constraint files found.
---------------------------------------------------------------------------------
Start RTL Component Statistics 
---------------------------------------------------------------------------------
Detailed RTL Component Info : 
+---Adders : 
	   3 Input     32 Bit       Adders := 1     
	   2 Input     30 Bit       Adders := 1     
+---Registers : 
	               32 Bit    Registers := 5     
	               30 Bit    Registers := 1     
	                4 Bit    Registers := 1     
+---Muxes : 
	   2 Input     32 Bit        Muxes := 3     
	   4 Input     32 Bit        Muxes := 4     
	   4 Input     30 Bit        Muxes := 2     
	   4 Input      5 Bit        Muxes := 1     
	  11 Input      4 Bit        Muxes := 1     
	   2 Input      3 Bit        Muxes := 5     
	  11 Input      2 Bit        Muxes := 5     
	   2 Input      2 Bit        Muxes := 1     
	   3 Input      1 Bit        Muxes := 2     
	   4 Input      1 Bit        Muxes := 3     
	   2 Input      1 Bit        Muxes := 3     
	  11 Input      1 Bit        Muxes := 11    
---------------------------------------------------------------------------------
Finished RTL Component Statistics 
---------------------------------------------------------------------------------
---------------------------------------------------------------------------------
Start RTL Hierarchical Component Statistics 
---------------------------------------------------------------------------------
Hierarchical RTL Component report 
Module mips 
Detailed RTL Component Info : 
Module ctrl 
Detailed RTL Component Info : 
+---Registers : 
	                4 Bit    Registers := 1     
+---Muxes : 
	  11 Input      4 Bit        Muxes := 1     
	   2 Input      3 Bit        Muxes := 5     
	   2 Input      2 Bit        Muxes := 1     
	  11 Input      2 Bit        Muxes := 5     
	   3 Input      1 Bit        Muxes := 2     
	   2 Input      1 Bit        Muxes := 3     
	  11 Input      1 Bit        Muxes := 11    
Module PC 
Detailed RTL Component Info : 
+---Registers : 
	               30 Bit    Registers := 1     
Module NPC 
Detailed RTL Component Info : 
+---Adders : 
	   2 Input     30 Bit       Adders := 1     
+---Muxes : 
	   4 Input     30 Bit        Muxes := 2     
	   4 Input      1 Bit        Muxes := 1     
Module im_4k 
Detailed RTL Component Info : 
Module IR 
Detailed RTL Component Info : 
+---Registers : 
	               32 Bit    Registers := 1     
Module RF 
Detailed RTL Component Info : 
+---Muxes : 
	   2 Input     32 Bit        Muxes := 2     
Module mux4 
Detailed RTL Component Info : 
+---Muxes : 
	   4 Input      5 Bit        Muxes := 1     
Module mux4__parameterized0 
Detailed RTL Component Info : 
+---Muxes : 
	   4 Input     32 Bit        Muxes := 1     
Module flopr 
Detailed RTL Component Info : 
+---Registers : 
	               32 Bit    Registers := 1     
Module EXT 
Detailed RTL Component Info : 
+---Muxes : 
	   4 Input     32 Bit        Muxes := 1     
	   4 Input      1 Bit        Muxes := 1     
Module mux2 
Detailed RTL Component Info : 
+---Muxes : 
	   2 Input     32 Bit        Muxes := 1     
Module alu 
Detailed RTL Component Info : 
+---Adders : 
	   3 Input     32 Bit       Adders := 1     
+---Muxes : 
	   4 Input     32 Bit        Muxes := 2     
	   4 Input      1 Bit        Muxes := 1     
Module dm_4k 
Detailed RTL Component Info : 
---------------------------------------------------------------------------------
Finished RTL Hierarchical Component Statistics
---------------------------------------------------------------------------------
---------------------------------------------------------------------------------
Start Part Resource Summary
---------------------------------------------------------------------------------
Loading clock regions from C:/Xilinx/Vivado/2014.2/data\parts/xilinx/artix7/artix7/xc7a100t/ClockRegion.xml
Loading clock buffers from C:/Xilinx/Vivado/2014.2/data\parts/xilinx/artix7/artix7/xc7a100t/ClockBuffers.xml
Loading clock placement rules from C:/Xilinx/Vivado/2014.2/data/parts/xilinx/artix7/ClockPlacerRules.xml
Loading package pin functions from C:/Xilinx/Vivado/2014.2/data\parts/xilinx/artix7/PinFunctions.xml...
Loading package from C:/Xilinx/Vivado/2014.2/data\parts/xilinx/artix7/artix7/xc7a100t/csg324/Package.xml
Loading io standards from C:/Xilinx/Vivado/2014.2/data\./parts/xilinx/artix7/IOStandards.xml
Loading device configuration modes from C:/Xilinx/Vivado/2014.2/data\parts/xilinx/artix7/ConfigModes.xml
Part Resources:
DSPs: 240 (col length:80)
BRAMs: 270 (col length: RAMB18 80 RAMB36 40)
---------------------------------------------------------------------------------
Finished Part Resource Summary
---------------------------------------------------------------------------------
Workers Ready, Starting Parallel Section  : Time (s): cpu = 00:00:10 ; elapsed = 00:00:10 . Memory (MB): peak = 429.715 ; gain = 298.551
---------------------------------------------------------------------------------
Start Cross Boundary Optimization
---------------------------------------------------------------------------------
---------------------------------------------------------------------------------
Finished Cross Boundary Optimization : Time (s): cpu = 00:01:26 ; elapsed = 00:01:28 . Memory (MB): peak = 472.402 ; gain = 341.238
---------------------------------------------------------------------------------
Finished Parallel Reinfer  : Time (s): cpu = 00:01:26 ; elapsed = 00:01:28 . Memory (MB): peak = 472.402 ; gain = 341.238
---------------------------------------------------------------------------------
Start RAM, DSP and Shift Register Reporting
---------------------------------------------------------------------------------

Block RAM:
+------------+---------------+------------------------+---+---+------------------------+---+---+---------+--------+--------+-------------------+
|Module Name | RTL Object    | PORT A (depth X width) | W | R | PORT B (depth X width) | W | R | OUT_REG | RAMB18 | RAMB36 | Hierarchical Name | 
+------------+---------------+------------------------+---+---+------------------------+---+---+---------+--------+--------+-------------------+
|mips        | U_DM/dmem_reg | 1 K X 32(READ_FIRST)   | W | R |                        |   |   | Port A  | 0      | 1      | mips/extram       | 
|mips        | U_DM/dmem_reg | 1 K X 32(READ_FIRST)   | W | R |                        |   |   | Port A  | 0      | 1      | mips/extram__2    | 
+------------+---------------+------------------------+---+---+------------------------+---+---+---------+--------+--------+-------------------+

Note: The table shows RAMs generated at current stage. Some RAM generation could be reversed due to later optimizations. Mutiple instantiated RAMs are reported only once. "Hierarchical Name" reflects the hierarchical modules names of the RAM and only part of it is displayed.
Distributed RAM: 
+------------+-------------+--------------------+----------------------+---------------+-------------------+
|Module Name | RTL Object  | Inference Criteria | Size (depth X width) | Primitives    | Hierarchical Name | 
+------------+-------------+--------------------+----------------------+---------------+-------------------+
|mips        | U_RF/rf_reg | Implied            | 32 X 32              | RAM32M x 12   | mips/ram__3       | 
+------------+-------------+--------------------+----------------------+---------------+-------------------+

Note: The table shows RAMs generated at current stage. Some RAM generation could be reversed due to later optimizations. Mutiple instantiated RAMs are reported only once. "Hierarchical Name" reflects the hierarchical modules names of the RAM and only part of it is displayed.
---------------------------------------------------------------------------------
Finished RAM, DSP and Shift Register Reporting
---------------------------------------------------------------------------------
No constraint files found.
---------------------------------------------------------------------------------
Start Area Optimization
---------------------------------------------------------------------------------
WARNING: [Synth 8-3332] Sequential element (\U_CTRL/nextstate_reg[3] ) is unused and will be removed from module mips.
WARNING: [Synth 8-3332] Sequential element (\U_CTRL/nextstate_reg[2] ) is unused and will be removed from module mips.
WARNING: [Synth 8-3332] Sequential element (\U_CTRL/nextstate_reg[1] ) is unused and will be removed from module mips.
WARNING: [Synth 8-3332] Sequential element (\U_CTRL/nextstate_reg[0] ) is unused and will be removed from module mips.
WARNING: [Synth 8-3332] Sequential element (\U_CTRL/EXTOp_reg[1] ) is unused and will be removed from module mips.
WARNING: [Synth 8-3332] Sequential element (\U_CTRL/EXTOp_reg[0] ) is unused and will be removed from module mips.
WARNING: [Synth 8-3332] Sequential element (\U_CTRL/ALUOp_reg[1] ) is unused and will be removed from module mips.
WARNING: [Synth 8-3332] Sequential element (\U_CTRL/ALUOp_reg[0] ) is unused and will be removed from module mips.
WARNING: [Synth 8-3332] Sequential element (\U_CTRL/NPCOp_reg[1] ) is unused and will be removed from module mips.
WARNING: [Synth 8-3332] Sequential element (\U_CTRL/NPCOp_reg[0] ) is unused and will be removed from module mips.
WARNING: [Synth 8-3332] Sequential element (\U_CTRL/RF_A3_sel_reg[1] ) is unused and will be removed from module mips.
WARNING: [Synth 8-3332] Sequential element (\U_CTRL/RF_A3_sel_reg[0] ) is unused and will be removed from module mips.
WARNING: [Synth 8-3332] Sequential element (\U_CTRL/RF_WD_sel_reg[1] ) is unused and will be removed from module mips.
WARNING: [Synth 8-3332] Sequential element (\U_CTRL/RF_WD_sel_reg[0] ) is unused and will be removed from module mips.
WARNING: [Synth 8-3332] Sequential element (\U_CTRL/B_sel_reg ) is unused and will be removed from module mips.
WARNING: [Synth 8-3332] Sequential element (\U_NPC/NPC_reg[31] ) is unused and will be removed from module mips.
WARNING: [Synth 8-3332] Sequential element (\U_NPC/NPC_reg[30] ) is unused and will be removed from module mips.
WARNING: [Synth 8-3332] Sequential element (\U_NPC/NPC_reg[29] ) is unused and will be removed from module mips.
WARNING: [Synth 8-3332] Sequential element (\U_NPC/NPC_reg[28] ) is unused and will be removed from module mips.
WARNING: [Synth 8-3332] Sequential element (\U_NPC/NPC_reg[27] ) is unused and will be removed from module mips.
WARNING: [Synth 8-3332] Sequential element (\U_NPC/NPC_reg[26] ) is unused and will be removed from module mips.
WARNING: [Synth 8-3332] Sequential element (\U_NPC/NPC_reg[25] ) is unused and will be removed from module mips.
WARNING: [Synth 8-3332] Sequential element (\U_NPC/NPC_reg[24] ) is unused and will be removed from module mips.
WARNING: [Synth 8-3332] Sequential element (\U_NPC/NPC_reg[23] ) is unused and will be removed from module mips.
WARNING: [Synth 8-3332] Sequential element (\U_NPC/NPC_reg[22] ) is unused and will be removed from module mips.
WARNING: [Synth 8-3332] Sequential element (\U_NPC/NPC_reg[21] ) is unused and will be removed from module mips.
WARNING: [Synth 8-3332] Sequential element (\U_NPC/NPC_reg[20] ) is unused and will be removed from module mips.
WARNING: [Synth 8-3332] Sequential element (\U_NPC/NPC_reg[19] ) is unused and will be removed from module mips.
WARNING: [Synth 8-3332] Sequential element (\U_NPC/NPC_reg[18] ) is unused and will be removed from module mips.
WARNING: [Synth 8-3332] Sequential element (\U_NPC/NPC_reg[17] ) is unused and will be removed from module mips.
WARNING: [Synth 8-3332] Sequential element (\U_NPC/NPC_reg[16] ) is unused and will be removed from module mips.
WARNING: [Synth 8-3332] Sequential element (\U_NPC/NPC_reg[15] ) is unused and will be removed from module mips.
WARNING: [Synth 8-3332] Sequential element (\U_NPC/NPC_reg[14] ) is unused and will be removed from module mips.
WARNING: [Synth 8-3332] Sequential element (\U_NPC/NPC_reg[13] ) is unused and will be removed from module mips.
WARNING: [Synth 8-3332] Sequential element (\U_NPC/NPC_reg[12] ) is unused and will be removed from module mips.
WARNING: [Synth 8-3332] Sequential element (\U_NPC/NPC_reg[11] ) is unused and will be removed from module mips.
WARNING: [Synth 8-3332] Sequential element (\U_NPC/NPC_reg[10] ) is unused and will be removed from module mips.
WARNING: [Synth 8-3332] Sequential element (\U_NPC/NPC_reg[9] ) is unused and will be removed from module mips.
WARNING: [Synth 8-3332] Sequential element (\U_NPC/NPC_reg[8] ) is unused and will be removed from module mips.
WARNING: [Synth 8-3332] Sequential element (\U_NPC/NPC_reg[7] ) is unused and will be removed from module mips.
WARNING: [Synth 8-3332] Sequential element (\U_NPC/NPC_reg[6] ) is unused and will be removed from module mips.
WARNING: [Synth 8-3332] Sequential element (\U_NPC/NPC_reg[5] ) is unused and will be removed from module mips.
WARNING: [Synth 8-3332] Sequential element (\U_NPC/NPC_reg[4] ) is unused and will be removed from module mips.
WARNING: [Synth 8-3332] Sequential element (\U_NPC/NPC_reg[3] ) is unused and will be removed from module mips.
WARNING: [Synth 8-3332] Sequential element (\U_NPC/NPC_reg[2] ) is unused and will be removed from module mips.
WARNING: [Synth 8-3332] Sequential element (\U_EXT/Imm32_reg[31] ) is unused and will be removed from module mips.
WARNING: [Synth 8-3332] Sequential element (\U_EXT/Imm32_reg[30] ) is unused and will be removed from module mips.
WARNING: [Synth 8-3332] Sequential element (\U_EXT/Imm32_reg[29] ) is unused and will be removed from module mips.
WARNING: [Synth 8-3332] Sequential element (\U_EXT/Imm32_reg[28] ) is unused and will be removed from module mips.
WARNING: [Synth 8-3332] Sequential element (\U_EXT/Imm32_reg[27] ) is unused and will be removed from module mips.
WARNING: [Synth 8-3332] Sequential element (\U_EXT/Imm32_reg[26] ) is unused and will be removed from module mips.
WARNING: [Synth 8-3332] Sequential element (\U_EXT/Imm32_reg[25] ) is unused and will be removed from module mips.
WARNING: [Synth 8-3332] Sequential element (\U_EXT/Imm32_reg[24] ) is unused and will be removed from module mips.
WARNING: [Synth 8-3332] Sequential element (\U_EXT/Imm32_reg[23] ) is unused and will be removed from module mips.
WARNING: [Synth 8-3332] Sequential element (\U_EXT/Imm32_reg[22] ) is unused and will be removed from module mips.
WARNING: [Synth 8-3332] Sequential element (\U_EXT/Imm32_reg[21] ) is unused and will be removed from module mips.
WARNING: [Synth 8-3332] Sequential element (\U_EXT/Imm32_reg[20] ) is unused and will be removed from module mips.
WARNING: [Synth 8-3332] Sequential element (\U_EXT/Imm32_reg[19] ) is unused and will be removed from module mips.
WARNING: [Synth 8-3332] Sequential element (\U_EXT/Imm32_reg[18] ) is unused and will be removed from module mips.
WARNING: [Synth 8-3332] Sequential element (\U_EXT/Imm32_reg[17] ) is unused and will be removed from module mips.
WARNING: [Synth 8-3332] Sequential element (\U_EXT/Imm32_reg[16] ) is unused and will be removed from module mips.
WARNING: [Synth 8-3332] Sequential element (\U_EXT/Imm32_reg[15] ) is unused and will be removed from module mips.
WARNING: [Synth 8-3332] Sequential element (\U_EXT/Imm32_reg[14] ) is unused and will be removed from module mips.
WARNING: [Synth 8-3332] Sequential element (\U_EXT/Imm32_reg[13] ) is unused and will be removed from module mips.
WARNING: [Synth 8-3332] Sequential element (\U_EXT/Imm32_reg[12] ) is unused and will be removed from module mips.
WARNING: [Synth 8-3332] Sequential element (\U_EXT/Imm32_reg[11] ) is unused and will be removed from module mips.
WARNING: [Synth 8-3332] Sequential element (\U_EXT/Imm32_reg[10] ) is unused and will be removed from module mips.
WARNING: [Synth 8-3332] Sequential element (\U_EXT/Imm32_reg[9] ) is unused and will be removed from module mips.
WARNING: [Synth 8-3332] Sequential element (\U_EXT/Imm32_reg[8] ) is unused and will be removed from module mips.
WARNING: [Synth 8-3332] Sequential element (\U_EXT/Imm32_reg[7] ) is unused and will be removed from module mips.
WARNING: [Synth 8-3332] Sequential element (\U_EXT/Imm32_reg[6] ) is unused and will be removed from module mips.
WARNING: [Synth 8-3332] Sequential element (\U_EXT/Imm32_reg[5] ) is unused and will be removed from module mips.
WARNING: [Synth 8-3332] Sequential element (\U_EXT/Imm32_reg[4] ) is unused and will be removed from module mips.
WARNING: [Synth 8-3332] Sequential element (\U_EXT/Imm32_reg[3] ) is unused and will be removed from module mips.
WARNING: [Synth 8-3332] Sequential element (\U_EXT/Imm32_reg[2] ) is unused and will be removed from module mips.
WARNING: [Synth 8-3332] Sequential element (\U_EXT/Imm32_reg[1] ) is unused and will be removed from module mips.
WARNING: [Synth 8-3332] Sequential element (\U_EXT/Imm32_reg[0] ) is unused and will be removed from module mips.
WARNING: [Synth 8-3332] Sequential element (\U_ALU/C_reg[31] ) is unused and will be removed from module mips.
WARNING: [Synth 8-3332] Sequential element (\U_ALU/C_reg[30] ) is unused and will be removed from module mips.
WARNING: [Synth 8-3332] Sequential element (\U_ALU/C_reg[29] ) is unused and will be removed from module mips.
WARNING: [Synth 8-3332] Sequential element (\U_ALU/C_reg[28] ) is unused and will be removed from module mips.
WARNING: [Synth 8-3332] Sequential element (\U_ALU/C_reg[27] ) is unused and will be removed from module mips.
WARNING: [Synth 8-3332] Sequential element (\U_ALU/C_reg[26] ) is unused and will be removed from module mips.
WARNING: [Synth 8-3332] Sequential element (\U_ALU/C_reg[25] ) is unused and will be removed from module mips.
WARNING: [Synth 8-3332] Sequential element (\U_ALU/C_reg[24] ) is unused and will be removed from module mips.
WARNING: [Synth 8-3332] Sequential element (\U_ALU/C_reg[23] ) is unused and will be removed from module mips.
WARNING: [Synth 8-3332] Sequential element (\U_ALU/C_reg[22] ) is unused and will be removed from module mips.
WARNING: [Synth 8-3332] Sequential element (\U_ALU/C_reg[21] ) is unused and will be removed from module mips.
WARNING: [Synth 8-3332] Sequential element (\U_ALU/C_reg[20] ) is unused and will be removed from module mips.
WARNING: [Synth 8-3332] Sequential element (\U_ALU/C_reg[19] ) is unused and will be removed from module mips.
WARNING: [Synth 8-3332] Sequential element (\U_ALU/C_reg[18] ) is unused and will be removed from module mips.
WARNING: [Synth 8-3332] Sequential element (\U_ALU/C_reg[17] ) is unused and will be removed from module mips.
WARNING: [Synth 8-3332] Sequential element (\U_ALU/C_reg[16] ) is unused and will be removed from module mips.
WARNING: [Synth 8-3332] Sequential element (\U_ALU/C_reg[15] ) is unused and will be removed from module mips.
WARNING: [Synth 8-3332] Sequential element (\U_ALU/C_reg[14] ) is unused and will be removed from module mips.
WARNING: [Synth 8-3332] Sequential element (\U_ALU/C_reg[13] ) is unused and will be removed from module mips.
WARNING: [Synth 8-3332] Sequential element (\U_ALU/C_reg[12] ) is unused and will be removed from module mips.
WARNING: [Synth 8-3332] Sequential element (\U_ALU/C_reg[11] ) is unused and will be removed from module mips.
WARNING: [Synth 8-3332] Sequential element (\U_ALU/C_reg[10] ) is unused and will be removed from module mips.
WARNING: [Synth 8-3332] Sequential element (\U_ALU/C_reg[9] ) is unused and will be removed from module mips.
INFO: [Common 17-14] Message 'Synth 8-3332' appears 100 times and further instances of the messages will be disabled. Use the Tcl command set_msg_config to change the current settings.
---------------------------------------------------------------------------------
Finished Area Optimization : Time (s): cpu = 00:01:26 ; elapsed = 00:01:28 . Memory (MB): peak = 472.402 ; gain = 341.238
---------------------------------------------------------------------------------
Finished Parallel Area Opt  : Time (s): cpu = 00:01:26 ; elapsed = 00:01:28 . Memory (MB): peak = 472.402 ; gain = 341.238
Finished Parallel Section  : Time (s): cpu = 00:01:26 ; elapsed = 00:01:28 . Memory (MB): peak = 472.402 ; gain = 341.238
---------------------------------------------------------------------------------
Start Timing Optimization
---------------------------------------------------------------------------------
No constraint files found.
---------------------------------------------------------------------------------
Finished Timing Optimization : Time (s): cpu = 00:01:26 ; elapsed = 00:01:28 . Memory (MB): peak = 472.402 ; gain = 341.238
---------------------------------------------------------------------------------
---------------------------------------------------------------------------------
Start Technology Mapping
---------------------------------------------------------------------------------
---------------------------------------------------------------------------------
Finished Technology Mapping : Time (s): cpu = 00:01:26 ; elapsed = 00:01:28 . Memory (MB): peak = 472.402 ; gain = 341.238
---------------------------------------------------------------------------------
---------------------------------------------------------------------------------
Start IO Insertion
---------------------------------------------------------------------------------
---------------------------------------------------------------------------------
Start Flattening Before IO Insertion
---------------------------------------------------------------------------------
---------------------------------------------------------------------------------
Finished Flattening Before IO Insertion
---------------------------------------------------------------------------------
---------------------------------------------------------------------------------
Start Final Netlist Cleanup
---------------------------------------------------------------------------------
---------------------------------------------------------------------------------
Finished Final Netlist Cleanup
---------------------------------------------------------------------------------
---------------------------------------------------------------------------------
Finished IO Insertion : Time (s): cpu = 00:01:27 ; elapsed = 00:01:28 . Memory (MB): peak = 472.402 ; gain = 341.238
---------------------------------------------------------------------------------

Report Check Netlist: 
+------+------------------+-------+---------+-------+------------------+
|      |Item              |Errors |Warnings |Status |Description       |
+------+------------------+-------+---------+-------+------------------+
|1     |multi_driven_nets |      0|        0|Passed |Multi driven nets |
+------+------------------+-------+---------+-------+------------------+
---------------------------------------------------------------------------------
Start Renaming Generated Instances
---------------------------------------------------------------------------------
---------------------------------------------------------------------------------
Finished Renaming Generated Instances : Time (s): cpu = 00:01:27 ; elapsed = 00:01:28 . Memory (MB): peak = 472.402 ; gain = 341.238
---------------------------------------------------------------------------------
---------------------------------------------------------------------------------
Start Rebuilding User Hierarchy
---------------------------------------------------------------------------------
---------------------------------------------------------------------------------
Finished Rebuilding User Hierarchy : Time (s): cpu = 00:01:27 ; elapsed = 00:01:28 . Memory (MB): peak = 472.402 ; gain = 341.238
---------------------------------------------------------------------------------
---------------------------------------------------------------------------------
Start RAM, DSP and Shift Register Reporting
---------------------------------------------------------------------------------
---------------------------------------------------------------------------------
Finished RAM, DSP and Shift Register Reporting
---------------------------------------------------------------------------------
---------------------------------------------------------------------------------
Start Writing Synthesis Report
---------------------------------------------------------------------------------

Report BlackBoxes: 
+-+--------------+----------+
| |BlackBox name |Instances |
+-+--------------+----------+
+-+--------------+----------+

Report Cell Usage: 
+-+-----+------+
| |Cell |Count |
+-+-----+------+
+-+-----+------+

Report Instance Areas: 
+------+---------+-------+------+
|      |Instance |Module |Cells |
+------+---------+-------+------+
|1     |top      |       |     0|
+------+---------+-------+------+
---------------------------------------------------------------------------------
Finished Writing Synthesis Report : Time (s): cpu = 00:01:27 ; elapsed = 00:01:28 . Memory (MB): peak = 472.402 ; gain = 341.238
---------------------------------------------------------------------------------
Synthesis finished with 0 errors, 0 critical warnings and 2330 warnings.
Synthesis Optimization Complete : Time (s): cpu = 00:01:27 ; elapsed = 00:01:28 . Memory (MB): peak = 472.402 ; gain = 341.238
INFO: [Opt 31-140] Inserted 0 IBUFs to IO ports without IO buffers.
INFO: [Opt 31-141] Inserted 0 OBUFs to IO ports without IO buffers.
INFO: [Opt 31-138] Pushed 0 inverter(s) to 0 load pin(s).
INFO: [Project 1-111] Unisim Transformation Summary:
No Unisim elements were transformed.

INFO: [Common 17-83] Releasing license: Synthesis
38 Infos, 210 Warnings, 0 Critical Warnings and 0 Errors encountered.
synth_design completed successfully
synth_design: Time (s): cpu = 00:01:26 ; elapsed = 00:01:27 . Memory (MB): peak = 486.504 ; gain = 307.820
# write_checkpoint mips.dcp
# report_utilization -file mips_utilization_synth.rpt -pb mips_utilization_synth.pb
report_utilization: Time (s): cpu = 00:00:00 ; elapsed = 00:00:00.017 . Memory (MB): peak = 486.504 ; gain = 0.000
INFO: [Common 17-206] Exiting Vivado at Wed May 31 23:33:55 2017...
